Vivado Simulator 2020.2
Copyright 1986-1999, 2001-2020 Xilinx, Inc. All Rights Reserved.
Running: C:/Xilinx/Vivado/2020.2/bin/unwrapped/win64.o/xelab.exe -wto 25e1c17b86b744de986cc3e175692665 --incr --debug typical --relax --mt 2 -L xil_defaultlib -L unisims_ver -L secureip --snapshot project_tb_func_synth xil_defaultlib.project_tb xil_defaultlib.glbl -log elaborate.log 
Using 2 slave threads.
Starting static elaboration
Pass Through NonSizing Optimizer
Completed static elaboration
Starting simulation data flow analysis
Completed simulation data flow analysis
Time Resolution for simulation is 1ps
Compiling package std.standard
Compiling package std.textio
Compiling package ieee.std_logic_1164
Compiling package ieee.numeric_std
Compiling package ieee.std_logic_arith
Compiling package ieee.std_logic_unsigned
Compiling package vl.vl_types
Compiling module xil_defaultlib.glbl
Compiling module unisims_ver.x_lut2_mux4
Compiling module unisims_ver.LUT2
Compiling module unisims_ver.LUT6
Compiling module unisims_ver.x_lut3_mux8
Compiling module unisims_ver.LUT3
Compiling module unisims_ver.LUT5
Compiling module unisims_ver.LUT4
Compiling module unisims_ver.FDCE_default
Compiling module xil_defaultlib.reg_8_bit
Compiling module unisims_ver.FDPE_default
Compiling module xil_defaultlib.reg_8_bit_h
Compiling module xil_defaultlib.reg_8_bit_0
Compiling module unisims_ver.x_lut1_mux2
Compiling module unisims_ver.LUT1
Compiling module unisims_ver.CARRY4
Compiling module xil_defaultlib.counter_16_bit
Compiling module xil_defaultlib.reg_9_bit
Compiling module xil_defaultlib.reg_16_bit
Compiling module xil_defaultlib.datapath
Compiling module unisims_ver.FDSE_default
Compiling module unisims_ver.FDRE_default
Compiling module unisims_ver.BUFG
Compiling module unisims_ver.IBUF
Compiling module unisims_ver.OBUF
Compiling module xil_defaultlib.project_reti_logiche
Compiling architecture projecttb of entity xil_defaultlib.project_tb
Built simulation snapshot project_tb_func_synth
