Vivado Simulator 2020.2
Time resolution is 1 ps
Note: TEST 1
Time: 230 ns  Iteration: 0  Process: /project_tb/test  File: C:/Users/User/GitHub/PFRL_pizzamiglio_prisciantelli/Testbench/TB_Salice/Generatore test/multipleTests.vhd
Note: TEST 2
Time: 304337500 ps  Iteration: 0  Process: /project_tb/test  File: C:/Users/User/GitHub/PFRL_pizzamiglio_prisciantelli/Testbench/TB_Salice/Generatore test/multipleTests.vhd
Note: TEST 3
Time: 516737500 ps  Iteration: 0  Process: /project_tb/test  File: C:/Users/User/GitHub/PFRL_pizzamiglio_prisciantelli/Testbench/TB_Salice/Generatore test/multipleTests.vhd
Note: TEST 4
Time: 797222500 ps  Iteration: 0  Process: /project_tb/test  File: C:/Users/User/GitHub/PFRL_pizzamiglio_prisciantelli/Testbench/TB_Salice/Generatore test/multipleTests.vhd
Note: TEST 5
Time: 799652500 ps  Iteration: 0  Process: /project_tb/test  File: C:/Users/User/GitHub/PFRL_pizzamiglio_prisciantelli/Testbench/TB_Salice/Generatore test/multipleTests.vhd
Note: TEST 6
Time: 864812500 ps  Iteration: 0  Process: /project_tb/test  File: C:/Users/User/GitHub/PFRL_pizzamiglio_prisciantelli/Testbench/TB_Salice/Generatore test/multipleTests.vhd
Note: TEST 7
Time: 1214012500 ps  Iteration: 0  Process: /project_tb/test  File: C:/Users/User/GitHub/PFRL_pizzamiglio_prisciantelli/Testbench/TB_Salice/Generatore test/multipleTests.vhd
Note: TEST 8
Time: 1322732500 ps  Iteration: 0  Process: /project_tb/test  File: C:/Users/User/GitHub/PFRL_pizzamiglio_prisciantelli/Testbench/TB_Salice/Generatore test/multipleTests.vhd
Note: TEST 9
Time: 1329392500 ps  Iteration: 0  Process: /project_tb/test  File: C:/Users/User/GitHub/PFRL_pizzamiglio_prisciantelli/Testbench/TB_Salice/Generatore test/multipleTests.vhd
Note: TEST 10
Time: 1343072500 ps  Iteration: 0  Process: /project_tb/test  File: C:/Users/User/GitHub/PFRL_pizzamiglio_prisciantelli/Testbench/TB_Salice/Generatore test/multipleTests.vhd
Note: TEST 11
Time: 1346942500 ps  Iteration: 0  Process: /project_tb/test  File: C:/Users/User/GitHub/PFRL_pizzamiglio_prisciantelli/Testbench/TB_Salice/Generatore test/multipleTests.vhd
Note: TEST 12
Time: 1517582500 ps  Iteration: 0  Process: /project_tb/test  File: C:/Users/User/GitHub/PFRL_pizzamiglio_prisciantelli/Testbench/TB_Salice/Generatore test/multipleTests.vhd
Note: TEST 13
Time: 1592147500 ps  Iteration: 0  Process: /project_tb/test  File: C:/Users/User/GitHub/PFRL_pizzamiglio_prisciantelli/Testbench/TB_Salice/Generatore test/multipleTests.vhd
Note: TEST 14
Time: 1994087500 ps  Iteration: 0  Process: /project_tb/test  File: C:/Users/User/GitHub/PFRL_pizzamiglio_prisciantelli/Testbench/TB_Salice/Generatore test/multipleTests.vhd
Note: TEST 15
Time: 2327447500 ps  Iteration: 0  Process: /project_tb/test  File: C:/Users/User/GitHub/PFRL_pizzamiglio_prisciantelli/Testbench/TB_Salice/Generatore test/multipleTests.vhd
Note: TEST 16
Time: 2581607500 ps  Iteration: 0  Process: /project_tb/test  File: C:/Users/User/GitHub/PFRL_pizzamiglio_prisciantelli/Testbench/TB_Salice/Generatore test/multipleTests.vhd
Note: TEST 17
Time: 2834417500 ps  Iteration: 0  Process: /project_tb/test  File: C:/Users/User/GitHub/PFRL_pizzamiglio_prisciantelli/Testbench/TB_Salice/Generatore test/multipleTests.vhd
Note: TEST 18
Time: 2962082500 ps  Iteration: 0  Process: /project_tb/test  File: C:/Users/User/GitHub/PFRL_pizzamiglio_prisciantelli/Testbench/TB_Salice/Generatore test/multipleTests.vhd
Note: TEST 19
Time: 3167192500 ps  Iteration: 0  Process: /project_tb/test  File: C:/Users/User/GitHub/PFRL_pizzamiglio_prisciantelli/Testbench/TB_Salice/Generatore test/multipleTests.vhd
Note: TEST 20
Time: 3243692500 ps  Iteration: 0  Process: /project_tb/test  File: C:/Users/User/GitHub/PFRL_pizzamiglio_prisciantelli/Testbench/TB_Salice/Generatore test/multipleTests.vhd
Note: TEST 21
Time: 3272132500 ps  Iteration: 0  Process: /project_tb/test  File: C:/Users/User/GitHub/PFRL_pizzamiglio_prisciantelli/Testbench/TB_Salice/Generatore test/multipleTests.vhd
Note: TEST 22
Time: 3572822500 ps  Iteration: 0  Process: /project_tb/test  File: C:/Users/User/GitHub/PFRL_pizzamiglio_prisciantelli/Testbench/TB_Salice/Generatore test/multipleTests.vhd
Note: TEST 23
Time: 3921932500 ps  Iteration: 0  Process: /project_tb/test  File: C:/Users/User/GitHub/PFRL_pizzamiglio_prisciantelli/Testbench/TB_Salice/Generatore test/multipleTests.vhd
Note: TEST 24
Time: 4464722500 ps  Iteration: 0  Process: /project_tb/test  File: C:/Users/User/GitHub/PFRL_pizzamiglio_prisciantelli/Testbench/TB_Salice/Generatore test/multipleTests.vhd
Note: TEST 25
Time: 4509632500 ps  Iteration: 0  Process: /project_tb/test  File: C:/Users/User/GitHub/PFRL_pizzamiglio_prisciantelli/Testbench/TB_Salice/Generatore test/multipleTests.vhd
Note: TEST 26
Time: 4844117500 ps  Iteration: 0  Process: /project_tb/test  File: C:/Users/User/GitHub/PFRL_pizzamiglio_prisciantelli/Testbench/TB_Salice/Generatore test/multipleTests.vhd
Note: TEST 27
Time: 4882277500 ps  Iteration: 0  Process: /project_tb/test  File: C:/Users/User/GitHub/PFRL_pizzamiglio_prisciantelli/Testbench/TB_Salice/Generatore test/multipleTests.vhd
Note: TEST 28
Time: 5164877500 ps  Iteration: 0  Process: /project_tb/test  File: C:/Users/User/GitHub/PFRL_pizzamiglio_prisciantelli/Testbench/TB_Salice/Generatore test/multipleTests.vhd
Note: TEST 29
Time: 5254067500 ps  Iteration: 0  Process: /project_tb/test  File: C:/Users/User/GitHub/PFRL_pizzamiglio_prisciantelli/Testbench/TB_Salice/Generatore test/multipleTests.vhd
Note: TEST 30
Time: 5519027500 ps  Iteration: 0  Process: /project_tb/test  File: C:/Users/User/GitHub/PFRL_pizzamiglio_prisciantelli/Testbench/TB_Salice/Generatore test/multipleTests.vhd
Note: TEST 31
Time: 5889152500 ps  Iteration: 0  Process: /project_tb/test  File: C:/Users/User/GitHub/PFRL_pizzamiglio_prisciantelli/Testbench/TB_Salice/Generatore test/multipleTests.vhd
Note: TEST 32
Time: 5951522500 ps  Iteration: 0  Process: /project_tb/test  File: C:/Users/User/GitHub/PFRL_pizzamiglio_prisciantelli/Testbench/TB_Salice/Generatore test/multipleTests.vhd
Note: TEST 33
Time: 5958272500 ps  Iteration: 0  Process: /project_tb/test  File: C:/Users/User/GitHub/PFRL_pizzamiglio_prisciantelli/Testbench/TB_Salice/Generatore test/multipleTests.vhd
Note: TEST 34
Time: 6290732500 ps  Iteration: 0  Process: /project_tb/test  File: C:/Users/User/GitHub/PFRL_pizzamiglio_prisciantelli/Testbench/TB_Salice/Generatore test/multipleTests.vhd
Note: TEST 35
Time: 6744692500 ps  Iteration: 0  Process: /project_tb/test  File: C:/Users/User/GitHub/PFRL_pizzamiglio_prisciantelli/Testbench/TB_Salice/Generatore test/multipleTests.vhd
Note: TEST 36
Time: 6840092500 ps  Iteration: 0  Process: /project_tb/test  File: C:/Users/User/GitHub/PFRL_pizzamiglio_prisciantelli/Testbench/TB_Salice/Generatore test/multipleTests.vhd
Note: TEST 37
Time: 6979052500 ps  Iteration: 0  Process: /project_tb/test  File: C:/Users/User/GitHub/PFRL_pizzamiglio_prisciantelli/Testbench/TB_Salice/Generatore test/multipleTests.vhd
Note: TEST 38
Time: 7030712500 ps  Iteration: 0  Process: /project_tb/test  File: C:/Users/User/GitHub/PFRL_pizzamiglio_prisciantelli/Testbench/TB_Salice/Generatore test/multipleTests.vhd
Note: TEST 39
Time: 7170572500 ps  Iteration: 0  Process: /project_tb/test  File: C:/Users/User/GitHub/PFRL_pizzamiglio_prisciantelli/Testbench/TB_Salice/Generatore test/multipleTests.vhd
Note: TEST 40
Time: 7343462500 ps  Iteration: 0  Process: /project_tb/test  File: C:/Users/User/GitHub/PFRL_pizzamiglio_prisciantelli/Testbench/TB_Salice/Generatore test/multipleTests.vhd
Note: TEST 41
Time: 7376582500 ps  Iteration: 0  Process: /project_tb/test  File: C:/Users/User/GitHub/PFRL_pizzamiglio_prisciantelli/Testbench/TB_Salice/Generatore test/multipleTests.vhd
Note: TEST 42
Time: 7381532500 ps  Iteration: 0  Process: /project_tb/test  File: C:/Users/User/GitHub/PFRL_pizzamiglio_prisciantelli/Testbench/TB_Salice/Generatore test/multipleTests.vhd
Note: TEST 43
Time: 7916267500 ps  Iteration: 0  Process: /project_tb/test  File: C:/Users/User/GitHub/PFRL_pizzamiglio_prisciantelli/Testbench/TB_Salice/Generatore test/multipleTests.vhd
Note: TEST 44
Time: 8619347500 ps  Iteration: 0  Process: /project_tb/test  File: C:/Users/User/GitHub/PFRL_pizzamiglio_prisciantelli/Testbench/TB_Salice/Generatore test/multipleTests.vhd
Note: TEST 45
Time: 8871257500 ps  Iteration: 0  Process: /project_tb/test  File: C:/Users/User/GitHub/PFRL_pizzamiglio_prisciantelli/Testbench/TB_Salice/Generatore test/multipleTests.vhd
Note: TEST 46
Time: 8882147500 ps  Iteration: 0  Process: /project_tb/test  File: C:/Users/User/GitHub/PFRL_pizzamiglio_prisciantelli/Testbench/TB_Salice/Generatore test/multipleTests.vhd
Note: TEST 47
Time: 9323552500 ps  Iteration: 0  Process: /project_tb/test  File: C:/Users/User/GitHub/PFRL_pizzamiglio_prisciantelli/Testbench/TB_Salice/Generatore test/multipleTests.vhd
Note: TEST 48
Time: 9537752500 ps  Iteration: 0  Process: /project_tb/test  File: C:/Users/User/GitHub/PFRL_pizzamiglio_prisciantelli/Testbench/TB_Salice/Generatore test/multipleTests.vhd
Note: TEST 49
Time: 9927452500 ps  Iteration: 0  Process: /project_tb/test  File: C:/Users/User/GitHub/PFRL_pizzamiglio_prisciantelli/Testbench/TB_Salice/Generatore test/multipleTests.vhd
Note: TEST 50
Time: 9952112500 ps  Iteration: 0  Process: /project_tb/test  File: C:/Users/User/GitHub/PFRL_pizzamiglio_prisciantelli/Testbench/TB_Salice/Generatore test/multipleTests.vhd
Note: TEST 51
Time: 9991352500 ps  Iteration: 0  Process: /project_tb/test  File: C:/Users/User/GitHub/PFRL_pizzamiglio_prisciantelli/Testbench/TB_Salice/Generatore test/multipleTests.vhd
Note: TEST 52
Time: 10005392500 ps  Iteration: 0  Process: /project_tb/test  File: C:/Users/User/GitHub/PFRL_pizzamiglio_prisciantelli/Testbench/TB_Salice/Generatore test/multipleTests.vhd
Note: TEST 53
Time: 10326602500 ps  Iteration: 0  Process: /project_tb/test  File: C:/Users/User/GitHub/PFRL_pizzamiglio_prisciantelli/Testbench/TB_Salice/Generatore test/multipleTests.vhd
Note: TEST 54
Time: 10365842500 ps  Iteration: 0  Process: /project_tb/test  File: C:/Users/User/GitHub/PFRL_pizzamiglio_prisciantelli/Testbench/TB_Salice/Generatore test/multipleTests.vhd
Note: TEST 55
Time: 10470827500 ps  Iteration: 0  Process: /project_tb/test  File: C:/Users/User/GitHub/PFRL_pizzamiglio_prisciantelli/Testbench/TB_Salice/Generatore test/multipleTests.vhd
Note: TEST 56
Time: 10890092500 ps  Iteration: 0  Process: /project_tb/test  File: C:/Users/User/GitHub/PFRL_pizzamiglio_prisciantelli/Testbench/TB_Salice/Generatore test/multipleTests.vhd
Note: TEST 57
Time: 10939952500 ps  Iteration: 0  Process: /project_tb/test  File: C:/Users/User/GitHub/PFRL_pizzamiglio_prisciantelli/Testbench/TB_Salice/Generatore test/multipleTests.vhd
Note: TEST 58
Time: 10966232500 ps  Iteration: 0  Process: /project_tb/test  File: C:/Users/User/GitHub/PFRL_pizzamiglio_prisciantelli/Testbench/TB_Salice/Generatore test/multipleTests.vhd
Note: TEST 59
Time: 11099072500 ps  Iteration: 0  Process: /project_tb/test  File: C:/Users/User/GitHub/PFRL_pizzamiglio_prisciantelli/Testbench/TB_Salice/Generatore test/multipleTests.vhd
Note: TEST 60
Time: 11348912500 ps  Iteration: 0  Process: /project_tb/test  File: C:/Users/User/GitHub/PFRL_pizzamiglio_prisciantelli/Testbench/TB_Salice/Generatore test/multipleTests.vhd
Note: TEST 61
Time: 11444177500 ps  Iteration: 0  Process: /project_tb/test  File: C:/Users/User/GitHub/PFRL_pizzamiglio_prisciantelli/Testbench/TB_Salice/Generatore test/multipleTests.vhd
Note: TEST 62
Time: 12035162500 ps  Iteration: 0  Process: /project_tb/test  File: C:/Users/User/GitHub/PFRL_pizzamiglio_prisciantelli/Testbench/TB_Salice/Generatore test/multipleTests.vhd
Note: TEST 63
Time: 12192932500 ps  Iteration: 0  Process: /project_tb/test  File: C:/Users/User/GitHub/PFRL_pizzamiglio_prisciantelli/Testbench/TB_Salice/Generatore test/multipleTests.vhd
Note: TEST 64
Time: 12214217500 ps  Iteration: 0  Process: /project_tb/test  File: C:/Users/User/GitHub/PFRL_pizzamiglio_prisciantelli/Testbench/TB_Salice/Generatore test/multipleTests.vhd
Note: TEST 65
Time: 12522557500 ps  Iteration: 0  Process: /project_tb/test  File: C:/Users/User/GitHub/PFRL_pizzamiglio_prisciantelli/Testbench/TB_Salice/Generatore test/multipleTests.vhd
Note: TEST 66
Time: 12747827500 ps  Iteration: 0  Process: /project_tb/test  File: C:/Users/User/GitHub/PFRL_pizzamiglio_prisciantelli/Testbench/TB_Salice/Generatore test/multipleTests.vhd
Note: TEST 67
Time: 13132802500 ps  Iteration: 0  Process: /project_tb/test  File: C:/Users/User/GitHub/PFRL_pizzamiglio_prisciantelli/Testbench/TB_Salice/Generatore test/multipleTests.vhd
Note: TEST 68
Time: 13275452500 ps  Iteration: 0  Process: /project_tb/test  File: C:/Users/User/GitHub/PFRL_pizzamiglio_prisciantelli/Testbench/TB_Salice/Generatore test/multipleTests.vhd
Note: TEST 69
Time: 13913057500 ps  Iteration: 0  Process: /project_tb/test  File: C:/Users/User/GitHub/PFRL_pizzamiglio_prisciantelli/Testbench/TB_Salice/Generatore test/multipleTests.vhd
Note: TEST 70
Time: 14110787500 ps  Iteration: 0  Process: /project_tb/test  File: C:/Users/User/GitHub/PFRL_pizzamiglio_prisciantelli/Testbench/TB_Salice/Generatore test/multipleTests.vhd
Note: TEST 71
Time: 14193947500 ps  Iteration: 0  Process: /project_tb/test  File: C:/Users/User/GitHub/PFRL_pizzamiglio_prisciantelli/Testbench/TB_Salice/Generatore test/multipleTests.vhd
Note: TEST 72
Time: 14283137500 ps  Iteration: 0  Process: /project_tb/test  File: C:/Users/User/GitHub/PFRL_pizzamiglio_prisciantelli/Testbench/TB_Salice/Generatore test/multipleTests.vhd
Note: TEST 73
Time: 14482217500 ps  Iteration: 0  Process: /project_tb/test  File: C:/Users/User/GitHub/PFRL_pizzamiglio_prisciantelli/Testbench/TB_Salice/Generatore test/multipleTests.vhd
Note: TEST 74
Time: 15026087500 ps  Iteration: 0  Process: /project_tb/test  File: C:/Users/User/GitHub/PFRL_pizzamiglio_prisciantelli/Testbench/TB_Salice/Generatore test/multipleTests.vhd
Note: TEST 75
Time: 15093047500 ps  Iteration: 0  Process: /project_tb/test  File: C:/Users/User/GitHub/PFRL_pizzamiglio_prisciantelli/Testbench/TB_Salice/Generatore test/multipleTests.vhd
Note: TEST 76
Time: 15322907500 ps  Iteration: 0  Process: /project_tb/test  File: C:/Users/User/GitHub/PFRL_pizzamiglio_prisciantelli/Testbench/TB_Salice/Generatore test/multipleTests.vhd
Note: TEST 77
Time: 15536837500 ps  Iteration: 0  Process: /project_tb/test  File: C:/Users/User/GitHub/PFRL_pizzamiglio_prisciantelli/Testbench/TB_Salice/Generatore test/multipleTests.vhd
Note: TEST 78
Time: 15964877500 ps  Iteration: 0  Process: /project_tb/test  File: C:/Users/User/GitHub/PFRL_pizzamiglio_prisciantelli/Testbench/TB_Salice/Generatore test/multipleTests.vhd
Note: TEST 79
Time: 15979412500 ps  Iteration: 0  Process: /project_tb/test  File: C:/Users/User/GitHub/PFRL_pizzamiglio_prisciantelli/Testbench/TB_Salice/Generatore test/multipleTests.vhd
Note: TEST 80
Time: 16434272500 ps  Iteration: 0  Process: /project_tb/test  File: C:/Users/User/GitHub/PFRL_pizzamiglio_prisciantelli/Testbench/TB_Salice/Generatore test/multipleTests.vhd
Note: TEST 81
Time: 16811012500 ps  Iteration: 0  Process: /project_tb/test  File: C:/Users/User/GitHub/PFRL_pizzamiglio_prisciantelli/Testbench/TB_Salice/Generatore test/multipleTests.vhd
Note: TEST 82
Time: 16902092500 ps  Iteration: 0  Process: /project_tb/test  File: C:/Users/User/GitHub/PFRL_pizzamiglio_prisciantelli/Testbench/TB_Salice/Generatore test/multipleTests.vhd
Note: TEST 83
Time: 17248232500 ps  Iteration: 0  Process: /project_tb/test  File: C:/Users/User/GitHub/PFRL_pizzamiglio_prisciantelli/Testbench/TB_Salice/Generatore test/multipleTests.vhd
Note: TEST 84
Time: 17356232500 ps  Iteration: 0  Process: /project_tb/test  File: C:/Users/User/GitHub/PFRL_pizzamiglio_prisciantelli/Testbench/TB_Salice/Generatore test/multipleTests.vhd
Note: TEST 85
Time: 17381162500 ps  Iteration: 0  Process: /project_tb/test  File: C:/Users/User/GitHub/PFRL_pizzamiglio_prisciantelli/Testbench/TB_Salice/Generatore test/multipleTests.vhd
Note: TEST 86
Time: 17685632500 ps  Iteration: 0  Process: /project_tb/test  File: C:/Users/User/GitHub/PFRL_pizzamiglio_prisciantelli/Testbench/TB_Salice/Generatore test/multipleTests.vhd
Note: TEST 87
Time: 18020882500 ps  Iteration: 0  Process: /project_tb/test  File: C:/Users/User/GitHub/PFRL_pizzamiglio_prisciantelli/Testbench/TB_Salice/Generatore test/multipleTests.vhd
Note: TEST 88
Time: 18296012500 ps  Iteration: 0  Process: /project_tb/test  File: C:/Users/User/GitHub/PFRL_pizzamiglio_prisciantelli/Testbench/TB_Salice/Generatore test/multipleTests.vhd
Note: TEST 89
Time: 18922952500 ps  Iteration: 0  Process: /project_tb/test  File: C:/Users/User/GitHub/PFRL_pizzamiglio_prisciantelli/Testbench/TB_Salice/Generatore test/multipleTests.vhd
Note: TEST 90
Time: 18928487500 ps  Iteration: 0  Process: /project_tb/test  File: C:/Users/User/GitHub/PFRL_pizzamiglio_prisciantelli/Testbench/TB_Salice/Generatore test/multipleTests.vhd
Note: TEST 91
Time: 19058447500 ps  Iteration: 0  Process: /project_tb/test  File: C:/Users/User/GitHub/PFRL_pizzamiglio_prisciantelli/Testbench/TB_Salice/Generatore test/multipleTests.vhd
Note: TEST 92
Time: 19302347500 ps  Iteration: 0  Process: /project_tb/test  File: C:/Users/User/GitHub/PFRL_pizzamiglio_prisciantelli/Testbench/TB_Salice/Generatore test/multipleTests.vhd
Note: TEST 93
Time: 19548047500 ps  Iteration: 0  Process: /project_tb/test  File: C:/Users/User/GitHub/PFRL_pizzamiglio_prisciantelli/Testbench/TB_Salice/Generatore test/multipleTests.vhd
Note: TEST 94
Time: 19565867500 ps  Iteration: 0  Process: /project_tb/test  File: C:/Users/User/GitHub/PFRL_pizzamiglio_prisciantelli/Testbench/TB_Salice/Generatore test/multipleTests.vhd
Note: TEST 95
Time: 19648307500 ps  Iteration: 0  Process: /project_tb/test  File: C:/Users/User/GitHub/PFRL_pizzamiglio_prisciantelli/Testbench/TB_Salice/Generatore test/multipleTests.vhd
Note: TEST 96
Time: 19880417500 ps  Iteration: 0  Process: /project_tb/test  File: C:/Users/User/GitHub/PFRL_pizzamiglio_prisciantelli/Testbench/TB_Salice/Generatore test/multipleTests.vhd
Note: TEST 97
Time: 20177777500 ps  Iteration: 0  Process: /project_tb/test  File: C:/Users/User/GitHub/PFRL_pizzamiglio_prisciantelli/Testbench/TB_Salice/Generatore test/multipleTests.vhd
Note: TEST 98
Time: 20815337500 ps  Iteration: 0  Process: /project_tb/test  File: C:/Users/User/GitHub/PFRL_pizzamiglio_prisciantelli/Testbench/TB_Salice/Generatore test/multipleTests.vhd
Note: TEST 99
Time: 20873342500 ps  Iteration: 0  Process: /project_tb/test  File: C:/Users/User/GitHub/PFRL_pizzamiglio_prisciantelli/Testbench/TB_Salice/Generatore test/multipleTests.vhd
Note: TEST 100
Time: 21423062500 ps  Iteration: 0  Process: /project_tb/test  File: C:/Users/User/GitHub/PFRL_pizzamiglio_prisciantelli/Testbench/TB_Salice/Generatore test/multipleTests.vhd
Note: TEST 101
Time: 21586637500 ps  Iteration: 0  Process: /project_tb/test  File: C:/Users/User/GitHub/PFRL_pizzamiglio_prisciantelli/Testbench/TB_Salice/Generatore test/multipleTests.vhd
Note: TEST 102
Time: 21741437500 ps  Iteration: 0  Process: /project_tb/test  File: C:/Users/User/GitHub/PFRL_pizzamiglio_prisciantelli/Testbench/TB_Salice/Generatore test/multipleTests.vhd
Note: TEST 103
Time: 22216322500 ps  Iteration: 0  Process: /project_tb/test  File: C:/Users/User/GitHub/PFRL_pizzamiglio_prisciantelli/Testbench/TB_Salice/Generatore test/multipleTests.vhd
Note: TEST 104
Time: 22279862500 ps  Iteration: 0  Process: /project_tb/test  File: C:/Users/User/GitHub/PFRL_pizzamiglio_prisciantelli/Testbench/TB_Salice/Generatore test/multipleTests.vhd
Note: TEST 105
Time: 22720547500 ps  Iteration: 0  Process: /project_tb/test  File: C:/Users/User/GitHub/PFRL_pizzamiglio_prisciantelli/Testbench/TB_Salice/Generatore test/multipleTests.vhd
Note: TEST 106
Time: 22834307500 ps  Iteration: 0  Process: /project_tb/test  File: C:/Users/User/GitHub/PFRL_pizzamiglio_prisciantelli/Testbench/TB_Salice/Generatore test/multipleTests.vhd
Note: TEST 107
Time: 22888532500 ps  Iteration: 0  Process: /project_tb/test  File: C:/Users/User/GitHub/PFRL_pizzamiglio_prisciantelli/Testbench/TB_Salice/Generatore test/multipleTests.vhd
Note: TEST 108
Time: 23458412500 ps  Iteration: 0  Process: /project_tb/test  File: C:/Users/User/GitHub/PFRL_pizzamiglio_prisciantelli/Testbench/TB_Salice/Generatore test/multipleTests.vhd
Note: TEST 109
Time: 23730932500 ps  Iteration: 0  Process: /project_tb/test  File: C:/Users/User/GitHub/PFRL_pizzamiglio_prisciantelli/Testbench/TB_Salice/Generatore test/multipleTests.vhd
Note: TEST 110
Time: 24311612500 ps  Iteration: 0  Process: /project_tb/test  File: C:/Users/User/GitHub/PFRL_pizzamiglio_prisciantelli/Testbench/TB_Salice/Generatore test/multipleTests.vhd
Note: TEST 111
Time: 24877757500 ps  Iteration: 0  Process: /project_tb/test  File: C:/Users/User/GitHub/PFRL_pizzamiglio_prisciantelli/Testbench/TB_Salice/Generatore test/multipleTests.vhd
Note: TEST 112
Time: 25008797500 ps  Iteration: 0  Process: /project_tb/test  File: C:/Users/User/GitHub/PFRL_pizzamiglio_prisciantelli/Testbench/TB_Salice/Generatore test/multipleTests.vhd
Note: TEST 113
Time: 25104602500 ps  Iteration: 0  Process: /project_tb/test  File: C:/Users/User/GitHub/PFRL_pizzamiglio_prisciantelli/Testbench/TB_Salice/Generatore test/multipleTests.vhd
Note: TEST 114
Time: 25283927500 ps  Iteration: 0  Process: /project_tb/test  File: C:/Users/User/GitHub/PFRL_pizzamiglio_prisciantelli/Testbench/TB_Salice/Generatore test/multipleTests.vhd
Note: TEST 115
Time: 25722767500 ps  Iteration: 0  Process: /project_tb/test  File: C:/Users/User/GitHub/PFRL_pizzamiglio_prisciantelli/Testbench/TB_Salice/Generatore test/multipleTests.vhd
Note: TEST 116
Time: 25805342500 ps  Iteration: 0  Process: /project_tb/test  File: C:/Users/User/GitHub/PFRL_pizzamiglio_prisciantelli/Testbench/TB_Salice/Generatore test/multipleTests.vhd
Note: TEST 117
Time: 25922522500 ps  Iteration: 0  Process: /project_tb/test  File: C:/Users/User/GitHub/PFRL_pizzamiglio_prisciantelli/Testbench/TB_Salice/Generatore test/multipleTests.vhd
Note: TEST 118
Time: 25952177500 ps  Iteration: 0  Process: /project_tb/test  File: C:/Users/User/GitHub/PFRL_pizzamiglio_prisciantelli/Testbench/TB_Salice/Generatore test/multipleTests.vhd
Note: TEST 119
Time: 26059862500 ps  Iteration: 0  Process: /project_tb/test  File: C:/Users/User/GitHub/PFRL_pizzamiglio_prisciantelli/Testbench/TB_Salice/Generatore test/multipleTests.vhd
Note: TEST 120
Time: 26349392500 ps  Iteration: 0  Process: /project_tb/test  File: C:/Users/User/GitHub/PFRL_pizzamiglio_prisciantelli/Testbench/TB_Salice/Generatore test/multipleTests.vhd
Note: TEST 121
Time: 26568992500 ps  Iteration: 0  Process: /project_tb/test  File: C:/Users/User/GitHub/PFRL_pizzamiglio_prisciantelli/Testbench/TB_Salice/Generatore test/multipleTests.vhd
Note: TEST 122
Time: 26630732500 ps  Iteration: 0  Process: /project_tb/test  File: C:/Users/User/GitHub/PFRL_pizzamiglio_prisciantelli/Testbench/TB_Salice/Generatore test/multipleTests.vhd
Note: TEST 123
Time: 26771852500 ps  Iteration: 0  Process: /project_tb/test  File: C:/Users/User/GitHub/PFRL_pizzamiglio_prisciantelli/Testbench/TB_Salice/Generatore test/multipleTests.vhd
Note: TEST 124
Time: 26931422500 ps  Iteration: 0  Process: /project_tb/test  File: C:/Users/User/GitHub/PFRL_pizzamiglio_prisciantelli/Testbench/TB_Salice/Generatore test/multipleTests.vhd
Note: TEST 125
Time: 27422282500 ps  Iteration: 0  Process: /project_tb/test  File: C:/Users/User/GitHub/PFRL_pizzamiglio_prisciantelli/Testbench/TB_Salice/Generatore test/multipleTests.vhd
Note: TEST 126
Time: 27852617500 ps  Iteration: 0  Process: /project_tb/test  File: C:/Users/User/GitHub/PFRL_pizzamiglio_prisciantelli/Testbench/TB_Salice/Generatore test/multipleTests.vhd
Note: TEST 127
Time: 28007372500 ps  Iteration: 0  Process: /project_tb/test  File: C:/Users/User/GitHub/PFRL_pizzamiglio_prisciantelli/Testbench/TB_Salice/Generatore test/multipleTests.vhd
Note: TEST 128
Time: 28145837500 ps  Iteration: 0  Process: /project_tb/test  File: C:/Users/User/GitHub/PFRL_pizzamiglio_prisciantelli/Testbench/TB_Salice/Generatore test/multipleTests.vhd
Note: TEST 129
Time: 28570727500 ps  Iteration: 0  Process: /project_tb/test  File: C:/Users/User/GitHub/PFRL_pizzamiglio_prisciantelli/Testbench/TB_Salice/Generatore test/multipleTests.vhd
Note: TEST 130
Time: 28614737500 ps  Iteration: 0  Process: /project_tb/test  File: C:/Users/User/GitHub/PFRL_pizzamiglio_prisciantelli/Testbench/TB_Salice/Generatore test/multipleTests.vhd
Note: TEST 131
Time: 28948547500 ps  Iteration: 0  Process: /project_tb/test  File: C:/Users/User/GitHub/PFRL_pizzamiglio_prisciantelli/Testbench/TB_Salice/Generatore test/multipleTests.vhd
Note: TEST 132
Time: 28951607500 ps  Iteration: 0  Process: /project_tb/test  File: C:/Users/User/GitHub/PFRL_pizzamiglio_prisciantelli/Testbench/TB_Salice/Generatore test/multipleTests.vhd
Note: TEST 133
Time: 29152352500 ps  Iteration: 0  Process: /project_tb/test  File: C:/Users/User/GitHub/PFRL_pizzamiglio_prisciantelli/Testbench/TB_Salice/Generatore test/multipleTests.vhd
Note: TEST 134
Time: 29168462500 ps  Iteration: 0  Process: /project_tb/test  File: C:/Users/User/GitHub/PFRL_pizzamiglio_prisciantelli/Testbench/TB_Salice/Generatore test/multipleTests.vhd
Note: TEST 135
Time: 29316242500 ps  Iteration: 0  Process: /project_tb/test  File: C:/Users/User/GitHub/PFRL_pizzamiglio_prisciantelli/Testbench/TB_Salice/Generatore test/multipleTests.vhd
Note: TEST 136
Time: 29744282500 ps  Iteration: 0  Process: /project_tb/test  File: C:/Users/User/GitHub/PFRL_pizzamiglio_prisciantelli/Testbench/TB_Salice/Generatore test/multipleTests.vhd
Note: TEST 137
Time: 30215522500 ps  Iteration: 0  Process: /project_tb/test  File: C:/Users/User/GitHub/PFRL_pizzamiglio_prisciantelli/Testbench/TB_Salice/Generatore test/multipleTests.vhd
Note: TEST 138
Time: 30459152500 ps  Iteration: 0  Process: /project_tb/test  File: C:/Users/User/GitHub/PFRL_pizzamiglio_prisciantelli/Testbench/TB_Salice/Generatore test/multipleTests.vhd
Note: TEST 139
Time: 30464372500 ps  Iteration: 0  Process: /project_tb/test  File: C:/Users/User/GitHub/PFRL_pizzamiglio_prisciantelli/Testbench/TB_Salice/Generatore test/multipleTests.vhd
Note: TEST 140
Time: 30613232500 ps  Iteration: 0  Process: /project_tb/test  File: C:/Users/User/GitHub/PFRL_pizzamiglio_prisciantelli/Testbench/TB_Salice/Generatore test/multipleTests.vhd
Note: TEST 141
Time: 31074752500 ps  Iteration: 0  Process: /project_tb/test  File: C:/Users/User/GitHub/PFRL_pizzamiglio_prisciantelli/Testbench/TB_Salice/Generatore test/multipleTests.vhd
Note: TEST 142
Time: 31382552500 ps  Iteration: 0  Process: /project_tb/test  File: C:/Users/User/GitHub/PFRL_pizzamiglio_prisciantelli/Testbench/TB_Salice/Generatore test/multipleTests.vhd
Note: TEST 143
Time: 31420712500 ps  Iteration: 0  Process: /project_tb/test  File: C:/Users/User/GitHub/PFRL_pizzamiglio_prisciantelli/Testbench/TB_Salice/Generatore test/multipleTests.vhd
Note: TEST 144
Time: 31611872500 ps  Iteration: 0  Process: /project_tb/test  File: C:/Users/User/GitHub/PFRL_pizzamiglio_prisciantelli/Testbench/TB_Salice/Generatore test/multipleTests.vhd
Note: TEST 145
Time: 31707452500 ps  Iteration: 0  Process: /project_tb/test  File: C:/Users/User/GitHub/PFRL_pizzamiglio_prisciantelli/Testbench/TB_Salice/Generatore test/multipleTests.vhd
Note: TEST 146
Time: 31918952500 ps  Iteration: 0  Process: /project_tb/test  File: C:/Users/User/GitHub/PFRL_pizzamiglio_prisciantelli/Testbench/TB_Salice/Generatore test/multipleTests.vhd
Note: TEST 147
Time: 31976057500 ps  Iteration: 0  Process: /project_tb/test  File: C:/Users/User/GitHub/PFRL_pizzamiglio_prisciantelli/Testbench/TB_Salice/Generatore test/multipleTests.vhd
Note: TEST 148
Time: 32135627500 ps  Iteration: 0  Process: /project_tb/test  File: C:/Users/User/GitHub/PFRL_pizzamiglio_prisciantelli/Testbench/TB_Salice/Generatore test/multipleTests.vhd
Note: TEST 149
Time: 32541257500 ps  Iteration: 0  Process: /project_tb/test  File: C:/Users/User/GitHub/PFRL_pizzamiglio_prisciantelli/Testbench/TB_Salice/Generatore test/multipleTests.vhd
Note: TEST 150
Time: 32750462500 ps  Iteration: 0  Process: /project_tb/test  File: C:/Users/User/GitHub/PFRL_pizzamiglio_prisciantelli/Testbench/TB_Salice/Generatore test/multipleTests.vhd
Note: TEST 151
Time: 32789882500 ps  Iteration: 0  Process: /project_tb/test  File: C:/Users/User/GitHub/PFRL_pizzamiglio_prisciantelli/Testbench/TB_Salice/Generatore test/multipleTests.vhd
Note: TEST 152
Time: 32865842500 ps  Iteration: 0  Process: /project_tb/test  File: C:/Users/User/GitHub/PFRL_pizzamiglio_prisciantelli/Testbench/TB_Salice/Generatore test/multipleTests.vhd
Note: TEST 153
Time: 33381002500 ps  Iteration: 0  Process: /project_tb/test  File: C:/Users/User/GitHub/PFRL_pizzamiglio_prisciantelli/Testbench/TB_Salice/Generatore test/multipleTests.vhd
Note: TEST 154
Time: 33397022500 ps  Iteration: 0  Process: /project_tb/test  File: C:/Users/User/GitHub/PFRL_pizzamiglio_prisciantelli/Testbench/TB_Salice/Generatore test/multipleTests.vhd
Note: TEST 155
Time: 33507002500 ps  Iteration: 0  Process: /project_tb/test  File: C:/Users/User/GitHub/PFRL_pizzamiglio_prisciantelli/Testbench/TB_Salice/Generatore test/multipleTests.vhd
Note: TEST 156
Time: 33581882500 ps  Iteration: 0  Process: /project_tb/test  File: C:/Users/User/GitHub/PFRL_pizzamiglio_prisciantelli/Testbench/TB_Salice/Generatore test/multipleTests.vhd
Note: TEST 157
Time: 33673907500 ps  Iteration: 0  Process: /project_tb/test  File: C:/Users/User/GitHub/PFRL_pizzamiglio_prisciantelli/Testbench/TB_Salice/Generatore test/multipleTests.vhd
Note: TEST 158
Time: 34102802500 ps  Iteration: 0  Process: /project_tb/test  File: C:/Users/User/GitHub/PFRL_pizzamiglio_prisciantelli/Testbench/TB_Salice/Generatore test/multipleTests.vhd
Note: TEST 159
Time: 34296212500 ps  Iteration: 0  Process: /project_tb/test  File: C:/Users/User/GitHub/PFRL_pizzamiglio_prisciantelli/Testbench/TB_Salice/Generatore test/multipleTests.vhd
Note: TEST 160
Time: 34315472500 ps  Iteration: 0  Process: /project_tb/test  File: C:/Users/User/GitHub/PFRL_pizzamiglio_prisciantelli/Testbench/TB_Salice/Generatore test/multipleTests.vhd
Note: TEST 161
Time: 34771502500 ps  Iteration: 0  Process: /project_tb/test  File: C:/Users/User/GitHub/PFRL_pizzamiglio_prisciantelli/Testbench/TB_Salice/Generatore test/multipleTests.vhd
Note: TEST 162
Time: 34946102500 ps  Iteration: 0  Process: /project_tb/test  File: C:/Users/User/GitHub/PFRL_pizzamiglio_prisciantelli/Testbench/TB_Salice/Generatore test/multipleTests.vhd
Note: TEST 163
Time: 34955462500 ps  Iteration: 0  Process: /project_tb/test  File: C:/Users/User/GitHub/PFRL_pizzamiglio_prisciantelli/Testbench/TB_Salice/Generatore test/multipleTests.vhd
Note: TEST 164
Time: 35245397500 ps  Iteration: 0  Process: /project_tb/test  File: C:/Users/User/GitHub/PFRL_pizzamiglio_prisciantelli/Testbench/TB_Salice/Generatore test/multipleTests.vhd
Note: TEST 165
Time: 35429582500 ps  Iteration: 0  Process: /project_tb/test  File: C:/Users/User/GitHub/PFRL_pizzamiglio_prisciantelli/Testbench/TB_Salice/Generatore test/multipleTests.vhd
Note: TEST 166
Time: 35787872500 ps  Iteration: 0  Process: /project_tb/test  File: C:/Users/User/GitHub/PFRL_pizzamiglio_prisciantelli/Testbench/TB_Salice/Generatore test/multipleTests.vhd
Note: TEST 167
Time: 35857082500 ps  Iteration: 0  Process: /project_tb/test  File: C:/Users/User/GitHub/PFRL_pizzamiglio_prisciantelli/Testbench/TB_Salice/Generatore test/multipleTests.vhd
Note: TEST 168
Time: 35983442500 ps  Iteration: 0  Process: /project_tb/test  File: C:/Users/User/GitHub/PFRL_pizzamiglio_prisciantelli/Testbench/TB_Salice/Generatore test/multipleTests.vhd
Note: TEST 169
Time: 36025877500 ps  Iteration: 0  Process: /project_tb/test  File: C:/Users/User/GitHub/PFRL_pizzamiglio_prisciantelli/Testbench/TB_Salice/Generatore test/multipleTests.vhd
Note: TEST 170
Time: 36374987500 ps  Iteration: 0  Process: /project_tb/test  File: C:/Users/User/GitHub/PFRL_pizzamiglio_prisciantelli/Testbench/TB_Salice/Generatore test/multipleTests.vhd
Note: TEST 171
Time: 36556787500 ps  Iteration: 0  Process: /project_tb/test  File: C:/Users/User/GitHub/PFRL_pizzamiglio_prisciantelli/Testbench/TB_Salice/Generatore test/multipleTests.vhd
Note: TEST 172
Time: 36941762500 ps  Iteration: 0  Process: /project_tb/test  File: C:/Users/User/GitHub/PFRL_pizzamiglio_prisciantelli/Testbench/TB_Salice/Generatore test/multipleTests.vhd
Note: TEST 173
Time: 36946442500 ps  Iteration: 0  Process: /project_tb/test  File: C:/Users/User/GitHub/PFRL_pizzamiglio_prisciantelli/Testbench/TB_Salice/Generatore test/multipleTests.vhd
Note: TEST 174
Time: 37063442500 ps  Iteration: 0  Process: /project_tb/test  File: C:/Users/User/GitHub/PFRL_pizzamiglio_prisciantelli/Testbench/TB_Salice/Generatore test/multipleTests.vhd
Note: TEST 175
Time: 37095302500 ps  Iteration: 0  Process: /project_tb/test  File: C:/Users/User/GitHub/PFRL_pizzamiglio_prisciantelli/Testbench/TB_Salice/Generatore test/multipleTests.vhd
Note: TEST 176
Time: 37108577500 ps  Iteration: 0  Process: /project_tb/test  File: C:/Users/User/GitHub/PFRL_pizzamiglio_prisciantelli/Testbench/TB_Salice/Generatore test/multipleTests.vhd
Note: TEST 177
Time: 37570907500 ps  Iteration: 0  Process: /project_tb/test  File: C:/Users/User/GitHub/PFRL_pizzamiglio_prisciantelli/Testbench/TB_Salice/Generatore test/multipleTests.vhd
Note: TEST 178
Time: 37573832500 ps  Iteration: 0  Process: /project_tb/test  File: C:/Users/User/GitHub/PFRL_pizzamiglio_prisciantelli/Testbench/TB_Salice/Generatore test/multipleTests.vhd
Note: TEST 179
Time: 37728497500 ps  Iteration: 0  Process: /project_tb/test  File: C:/Users/User/GitHub/PFRL_pizzamiglio_prisciantelli/Testbench/TB_Salice/Generatore test/multipleTests.vhd
Note: TEST 180
Time: 37906697500 ps  Iteration: 0  Process: /project_tb/test  File: C:/Users/User/GitHub/PFRL_pizzamiglio_prisciantelli/Testbench/TB_Salice/Generatore test/multipleTests.vhd
Note: TEST 181
Time: 37912367500 ps  Iteration: 0  Process: /project_tb/test  File: C:/Users/User/GitHub/PFRL_pizzamiglio_prisciantelli/Testbench/TB_Salice/Generatore test/multipleTests.vhd
Note: TEST 182
Time: 38006282500 ps  Iteration: 0  Process: /project_tb/test  File: C:/Users/User/GitHub/PFRL_pizzamiglio_prisciantelli/Testbench/TB_Salice/Generatore test/multipleTests.vhd
Note: TEST 183
Time: 38016812500 ps  Iteration: 0  Process: /project_tb/test  File: C:/Users/User/GitHub/PFRL_pizzamiglio_prisciantelli/Testbench/TB_Salice/Generatore test/multipleTests.vhd
Note: TEST 184
Time: 38348372500 ps  Iteration: 0  Process: /project_tb/test  File: C:/Users/User/GitHub/PFRL_pizzamiglio_prisciantelli/Testbench/TB_Salice/Generatore test/multipleTests.vhd
Note: TEST 185
Time: 38374742500 ps  Iteration: 0  Process: /project_tb/test  File: C:/Users/User/GitHub/PFRL_pizzamiglio_prisciantelli/Testbench/TB_Salice/Generatore test/multipleTests.vhd
Note: TEST 186
Time: 38388737500 ps  Iteration: 0  Process: /project_tb/test  File: C:/Users/User/GitHub/PFRL_pizzamiglio_prisciantelli/Testbench/TB_Salice/Generatore test/multipleTests.vhd
Note: TEST 187
Time: 38583677500 ps  Iteration: 0  Process: /project_tb/test  File: C:/Users/User/GitHub/PFRL_pizzamiglio_prisciantelli/Testbench/TB_Salice/Generatore test/multipleTests.vhd
Note: TEST 188
Time: 38750042500 ps  Iteration: 0  Process: /project_tb/test  File: C:/Users/User/GitHub/PFRL_pizzamiglio_prisciantelli/Testbench/TB_Salice/Generatore test/multipleTests.vhd
Note: TEST 189
Time: 38885222500 ps  Iteration: 0  Process: /project_tb/test  File: C:/Users/User/GitHub/PFRL_pizzamiglio_prisciantelli/Testbench/TB_Salice/Generatore test/multipleTests.vhd
Note: TEST 190
Time: 38896652500 ps  Iteration: 0  Process: /project_tb/test  File: C:/Users/User/GitHub/PFRL_pizzamiglio_prisciantelli/Testbench/TB_Salice/Generatore test/multipleTests.vhd
Note: TEST 191
Time: 38950022500 ps  Iteration: 0  Process: /project_tb/test  File: C:/Users/User/GitHub/PFRL_pizzamiglio_prisciantelli/Testbench/TB_Salice/Generatore test/multipleTests.vhd
Note: TEST 192
Time: 39192302500 ps  Iteration: 0  Process: /project_tb/test  File: C:/Users/User/GitHub/PFRL_pizzamiglio_prisciantelli/Testbench/TB_Salice/Generatore test/multipleTests.vhd
Note: TEST 193
Time: 39212102500 ps  Iteration: 0  Process: /project_tb/test  File: C:/Users/User/GitHub/PFRL_pizzamiglio_prisciantelli/Testbench/TB_Salice/Generatore test/multipleTests.vhd
Note: TEST 194
Time: 39234782500 ps  Iteration: 0  Process: /project_tb/test  File: C:/Users/User/GitHub/PFRL_pizzamiglio_prisciantelli/Testbench/TB_Salice/Generatore test/multipleTests.vhd
Note: TEST 195
Time: 39751202500 ps  Iteration: 0  Process: /project_tb/test  File: C:/Users/User/GitHub/PFRL_pizzamiglio_prisciantelli/Testbench/TB_Salice/Generatore test/multipleTests.vhd
Note: TEST 196
Time: 39793637500 ps  Iteration: 0  Process: /project_tb/test  File: C:/Users/User/GitHub/PFRL_pizzamiglio_prisciantelli/Testbench/TB_Salice/Generatore test/multipleTests.vhd
Note: TEST 197
Time: 40027277500 ps  Iteration: 0  Process: /project_tb/test  File: C:/Users/User/GitHub/PFRL_pizzamiglio_prisciantelli/Testbench/TB_Salice/Generatore test/multipleTests.vhd
Note: TEST 198
Time: 40109717500 ps  Iteration: 0  Process: /project_tb/test  File: C:/Users/User/GitHub/PFRL_pizzamiglio_prisciantelli/Testbench/TB_Salice/Generatore test/multipleTests.vhd
Note: TEST 199
Time: 40566737500 ps  Iteration: 0  Process: /project_tb/test  File: C:/Users/User/GitHub/PFRL_pizzamiglio_prisciantelli/Testbench/TB_Salice/Generatore test/multipleTests.vhd
Note: TEST 200
Time: 40670597500 ps  Iteration: 0  Process: /project_tb/test  File: C:/Users/User/GitHub/PFRL_pizzamiglio_prisciantelli/Testbench/TB_Salice/Generatore test/multipleTests.vhd
Failure: Simulation Ended!
Time: 40685762500 ps  Iteration: 0  Process: /project_tb/test  File: C:/Users/User/GitHub/PFRL_pizzamiglio_prisciantelli/Testbench/TB_Salice/Generatore test/multipleTests.vhd
$finish called at time : 40685762500 ps : File "C:/Users/User/GitHub/PFRL_pizzamiglio_prisciantelli/Testbench/TB_Salice/Generatore test/multipleTests.vhd" Line 155
