
*** Running vivado
    with args -log project_reti_logiche.vds -m64 -product Vivado -mode batch -messageDb vivado.pb -notrace -source project_reti_logiche.tcl



****** Vivado v2020.2 (64-bit)
  **** SW Build 3064766 on Wed Nov 18 09:12:45 MST 2020
  **** IP Build 3064653 on Wed Nov 18 14:17:31 MST 2020
    ** Copyright 1986-2020 Xilinx, Inc. All Rights Reserved.

source project_reti_logiche.tcl -notrace
Command: synth_design -top project_reti_logiche -part xc7a200tfbg484-1
Starting synth_design
Attempting to get a license for feature 'Synthesis' and/or device 'xc7a200t'
INFO: [Common 17-349] Got license for feature 'Synthesis' and/or device 'xc7a200t'
INFO: [Device 21-403] Loading part xc7a200tfbg484-1
INFO: [Synth 8-7079] Multithreading enabled for synth_design using a maximum of 2 processes.
INFO: [Synth 8-7078] Launching helper process for spawning children vivado processes
INFO: [Synth 8-7075] Helper process launched with PID 4436
---------------------------------------------------------------------------------
Starting RTL Elaboration : Time (s): cpu = 00:00:06 ; elapsed = 00:00:09 . Memory (MB): peak = 1017.121 ; gain = 0.000
---------------------------------------------------------------------------------
INFO: [Synth 8-638] synthesizing module 'project_reti_logiche' [C:/Users/User/OneDrive - Politecnico di Milano/Documenti/GitHub/prova_finale_reti_logiche/project_reti_logiche/project_reti_logiche.srcs/sources_1/new/project_reti_logiche.vhd:40]
INFO: [Synth 8-3491] module 'datapath' declared at 'C:/Users/User/OneDrive - Politecnico di Milano/Documenti/GitHub/prova_finale_reti_logiche/project_reti_logiche/project_reti_logiche.srcs/sources_1/new/datapath.vhd:6' bound to instance 'DATAPATH0' of component 'datapath' [C:/Users/User/OneDrive - Politecnico di Milano/Documenti/GitHub/prova_finale_reti_logiche/project_reti_logiche/project_reti_logiche.srcs/sources_1/new/project_reti_logiche.vhd:104]
INFO: [Synth 8-638] synthesizing module 'datapath' [C:/Users/User/OneDrive - Politecnico di Milano/Documenti/GitHub/prova_finale_reti_logiche/project_reti_logiche/project_reti_logiche.srcs/sources_1/new/datapath.vhd:31]
INFO: [Synth 8-3491] module 'reg_8_bit' declared at 'C:/Users/User/OneDrive - Politecnico di Milano/Documenti/GitHub/prova_finale_reti_logiche/project_reti_logiche/project_reti_logiche.srcs/sources_1/new/reg_8_bit.vhd:6' bound to instance 'N_COL_REG' of component 'reg_8_bit' [C:/Users/User/OneDrive - Politecnico di Milano/Documenti/GitHub/prova_finale_reti_logiche/project_reti_logiche/project_reti_logiche.srcs/sources_1/new/datapath.vhd:144]
INFO: [Synth 8-638] synthesizing module 'reg_8_bit' [C:/Users/User/OneDrive - Politecnico di Milano/Documenti/GitHub/prova_finale_reti_logiche/project_reti_logiche/project_reti_logiche.srcs/sources_1/new/reg_8_bit.vhd:16]
INFO: [Synth 8-256] done synthesizing module 'reg_8_bit' (1#1) [C:/Users/User/OneDrive - Politecnico di Milano/Documenti/GitHub/prova_finale_reti_logiche/project_reti_logiche/project_reti_logiche.srcs/sources_1/new/reg_8_bit.vhd:16]
INFO: [Synth 8-3491] module 'reg_16_bit' declared at 'C:/Users/User/OneDrive - Politecnico di Milano/Documenti/GitHub/prova_finale_reti_logiche/project_reti_logiche/project_reti_logiche.srcs/sources_1/new/reg_16_bit.vhd:6' bound to instance 'SIZE_REG' of component 'reg_16_bit' [C:/Users/User/OneDrive - Politecnico di Milano/Documenti/GitHub/prova_finale_reti_logiche/project_reti_logiche/project_reti_logiche.srcs/sources_1/new/datapath.vhd:154]
INFO: [Synth 8-638] synthesizing module 'reg_16_bit' [C:/Users/User/OneDrive - Politecnico di Milano/Documenti/GitHub/prova_finale_reti_logiche/project_reti_logiche/project_reti_logiche.srcs/sources_1/new/reg_16_bit.vhd:16]
INFO: [Synth 8-256] done synthesizing module 'reg_16_bit' (2#1) [C:/Users/User/OneDrive - Politecnico di Milano/Documenti/GitHub/prova_finale_reti_logiche/project_reti_logiche/project_reti_logiche.srcs/sources_1/new/reg_16_bit.vhd:16]
INFO: [Synth 8-3491] module 'counter_16_bit' declared at 'C:/Users/User/OneDrive - Politecnico di Milano/Documenti/GitHub/prova_finale_reti_logiche/project_reti_logiche/project_reti_logiche.srcs/sources_1/new/counter_16_bit.vhd:6' bound to instance 'PIXEL_COUNTER' of component 'counter_16_bit' [C:/Users/User/OneDrive - Politecnico di Milano/Documenti/GitHub/prova_finale_reti_logiche/project_reti_logiche/project_reti_logiche.srcs/sources_1/new/datapath.vhd:162]
INFO: [Synth 8-638] synthesizing module 'counter_16_bit' [C:/Users/User/OneDrive - Politecnico di Milano/Documenti/GitHub/prova_finale_reti_logiche/project_reti_logiche/project_reti_logiche.srcs/sources_1/new/counter_16_bit.vhd:15]
INFO: [Synth 8-256] done synthesizing module 'counter_16_bit' (3#1) [C:/Users/User/OneDrive - Politecnico di Milano/Documenti/GitHub/prova_finale_reti_logiche/project_reti_logiche/project_reti_logiche.srcs/sources_1/new/counter_16_bit.vhd:15]
INFO: [Synth 8-3491] module 'mux_4_1_16_bit' declared at 'C:/Users/User/OneDrive - Politecnico di Milano/Documenti/GitHub/prova_finale_reti_logiche/project_reti_logiche/project_reti_logiche.srcs/sources_1/new/mux_4_1_16_bit.vhd:6' bound to instance 'ADDRESS_MUX' of component 'mux_4_1_16_bit' [C:/Users/User/OneDrive - Politecnico di Milano/Documenti/GitHub/prova_finale_reti_logiche/project_reti_logiche/project_reti_logiche.srcs/sources_1/new/datapath.vhd:175]
INFO: [Synth 8-638] synthesizing module 'mux_4_1_16_bit' [C:/Users/User/OneDrive - Politecnico di Milano/Documenti/GitHub/prova_finale_reti_logiche/project_reti_logiche/project_reti_logiche.srcs/sources_1/new/mux_4_1_16_bit.vhd:17]
INFO: [Synth 8-256] done synthesizing module 'mux_4_1_16_bit' (4#1) [C:/Users/User/OneDrive - Politecnico di Milano/Documenti/GitHub/prova_finale_reti_logiche/project_reti_logiche/project_reti_logiche.srcs/sources_1/new/mux_4_1_16_bit.vhd:17]
INFO: [Synth 8-3491] module 'reg_8_bit' declared at 'C:/Users/User/OneDrive - Politecnico di Milano/Documenti/GitHub/prova_finale_reti_logiche/project_reti_logiche/project_reti_logiche.srcs/sources_1/new/reg_8_bit.vhd:6' bound to instance 'MAX_VALUE_REG' of component 'reg_8_bit' [C:/Users/User/OneDrive - Politecnico di Milano/Documenti/GitHub/prova_finale_reti_logiche/project_reti_logiche/project_reti_logiche.srcs/sources_1/new/datapath.vhd:186]
INFO: [Synth 8-3491] module 'reg_8_bit_h' declared at 'C:/Users/User/OneDrive - Politecnico di Milano/Documenti/GitHub/prova_finale_reti_logiche/project_reti_logiche/project_reti_logiche.srcs/sources_1/new/reg_8_bit_h.vhd:6' bound to instance 'MIN_VALUE_REG' of component 'reg_8_bit_h' [C:/Users/User/OneDrive - Politecnico di Milano/Documenti/GitHub/prova_finale_reti_logiche/project_reti_logiche/project_reti_logiche.srcs/sources_1/new/datapath.vhd:196]
INFO: [Synth 8-638] synthesizing module 'reg_8_bit_h' [C:/Users/User/OneDrive - Politecnico di Milano/Documenti/GitHub/prova_finale_reti_logiche/project_reti_logiche/project_reti_logiche.srcs/sources_1/new/reg_8_bit_h.vhd:16]
INFO: [Synth 8-256] done synthesizing module 'reg_8_bit_h' (5#1) [C:/Users/User/OneDrive - Politecnico di Milano/Documenti/GitHub/prova_finale_reti_logiche/project_reti_logiche/project_reti_logiche.srcs/sources_1/new/reg_8_bit_h.vhd:16]
INFO: [Synth 8-3491] module 'reg_4_bit' declared at 'C:/Users/User/OneDrive - Politecnico di Milano/Documenti/GitHub/prova_finale_reti_logiche/project_reti_logiche/project_reti_logiche.srcs/sources_1/new/reg_4_bit.vhd:6' bound to instance 'SHIFT_LEVEL_REG' of component 'reg_4_bit' [C:/Users/User/OneDrive - Politecnico di Milano/Documenti/GitHub/prova_finale_reti_logiche/project_reti_logiche/project_reti_logiche.srcs/sources_1/new/datapath.vhd:229]
INFO: [Synth 8-638] synthesizing module 'reg_4_bit' [C:/Users/User/OneDrive - Politecnico di Milano/Documenti/GitHub/prova_finale_reti_logiche/project_reti_logiche/project_reti_logiche.srcs/sources_1/new/reg_4_bit.vhd:16]
INFO: [Synth 8-256] done synthesizing module 'reg_4_bit' (6#1) [C:/Users/User/OneDrive - Politecnico di Milano/Documenti/GitHub/prova_finale_reti_logiche/project_reti_logiche/project_reti_logiche.srcs/sources_1/new/reg_4_bit.vhd:16]
INFO: [Synth 8-3491] module 'counter_4_bit' declared at 'C:/Users/User/OneDrive - Politecnico di Milano/Documenti/GitHub/prova_finale_reti_logiche/project_reti_logiche/project_reti_logiche.srcs/sources_1/new/counter_4_bit.vhd:6' bound to instance 'SHIFT_COUNTER' of component 'counter_4_bit' [C:/Users/User/OneDrive - Politecnico di Milano/Documenti/GitHub/prova_finale_reti_logiche/project_reti_logiche/project_reti_logiche.srcs/sources_1/new/datapath.vhd:237]
INFO: [Synth 8-638] synthesizing module 'counter_4_bit' [C:/Users/User/OneDrive - Politecnico di Milano/Documenti/GitHub/prova_finale_reti_logiche/project_reti_logiche/project_reti_logiche.srcs/sources_1/new/counter_4_bit.vhd:15]
INFO: [Synth 8-256] done synthesizing module 'counter_4_bit' (7#1) [C:/Users/User/OneDrive - Politecnico di Milano/Documenti/GitHub/prova_finale_reti_logiche/project_reti_logiche/project_reti_logiche.srcs/sources_1/new/counter_4_bit.vhd:15]
INFO: [Synth 8-3491] module 'reg_sll_8_bit' declared at 'C:/Users/User/OneDrive - Politecnico di Milano/Documenti/GitHub/prova_finale_reti_logiche/project_reti_logiche/project_reti_logiche.srcs/sources_1/new/reg_sll_8_bit.vhd:6' bound to instance 'TEMP_VALUE_REG' of component 'reg_sll_8_bit' [C:/Users/User/OneDrive - Politecnico di Milano/Documenti/GitHub/prova_finale_reti_logiche/project_reti_logiche/project_reti_logiche.srcs/sources_1/new/datapath.vhd:248]
INFO: [Synth 8-638] synthesizing module 'reg_sll_8_bit' [C:/Users/User/OneDrive - Politecnico di Milano/Documenti/GitHub/prova_finale_reti_logiche/project_reti_logiche/project_reti_logiche.srcs/sources_1/new/reg_sll_8_bit.vhd:16]
INFO: [Synth 8-256] done synthesizing module 'reg_sll_8_bit' (8#1) [C:/Users/User/OneDrive - Politecnico di Milano/Documenti/GitHub/prova_finale_reti_logiche/project_reti_logiche/project_reti_logiche.srcs/sources_1/new/reg_sll_8_bit.vhd:16]
INFO: [Synth 8-256] done synthesizing module 'datapath' (9#1) [C:/Users/User/OneDrive - Politecnico di Milano/Documenti/GitHub/prova_finale_reti_logiche/project_reti_logiche/project_reti_logiche.srcs/sources_1/new/datapath.vhd:31]
INFO: [Synth 8-256] done synthesizing module 'project_reti_logiche' (10#1) [C:/Users/User/OneDrive - Politecnico di Milano/Documenti/GitHub/prova_finale_reti_logiche/project_reti_logiche/project_reti_logiche.srcs/sources_1/new/project_reti_logiche.vhd:40]
---------------------------------------------------------------------------------
Finished RTL Elaboration : Time (s): cpu = 00:00:09 ; elapsed = 00:00:12 . Memory (MB): peak = 1017.121 ; gain = 0.000
---------------------------------------------------------------------------------
---------------------------------------------------------------------------------
Start Handling Custom Attributes
---------------------------------------------------------------------------------
---------------------------------------------------------------------------------
Finished Handling Custom Attributes : Time (s): cpu = 00:00:10 ; elapsed = 00:00:13 . Memory (MB): peak = 1017.121 ; gain = 0.000
---------------------------------------------------------------------------------
---------------------------------------------------------------------------------
Finished RTL Optimization Phase 1 : Time (s): cpu = 00:00:10 ; elapsed = 00:00:13 . Memory (MB): peak = 1017.121 ; gain = 0.000
---------------------------------------------------------------------------------
Netlist sorting complete. Time (s): cpu = 00:00:00 ; elapsed = 00:00:00.016 . Memory (MB): peak = 1017.121 ; gain = 0.000
INFO: [Project 1-570] Preparing netlist for logic optimization

Processing XDC Constraints
Initializing timing engine
Parsing XDC File [C:/Users/User/OneDrive - Politecnico di Milano/Documenti/GitHub/prova_finale_reti_logiche/project_reti_logiche/project_reti_logiche.srcs/constrs_1/new/clock.xdc]
Finished Parsing XDC File [C:/Users/User/OneDrive - Politecnico di Milano/Documenti/GitHub/prova_finale_reti_logiche/project_reti_logiche/project_reti_logiche.srcs/constrs_1/new/clock.xdc]
Completed Processing XDC Constraints

Netlist sorting complete. Time (s): cpu = 00:00:00 ; elapsed = 00:00:00 . Memory (MB): peak = 1124.902 ; gain = 0.000
INFO: [Project 1-111] Unisim Transformation Summary:
No Unisim elements were transformed.

Constraint Validation Runtime : Time (s): cpu = 00:00:00 ; elapsed = 00:00:00.041 . Memory (MB): peak = 1124.902 ; gain = 0.000
---------------------------------------------------------------------------------
Finished Constraint Validation : Time (s): cpu = 00:00:20 ; elapsed = 00:00:25 . Memory (MB): peak = 1124.902 ; gain = 107.781
---------------------------------------------------------------------------------
---------------------------------------------------------------------------------
Start Loading Part and Timing Information
---------------------------------------------------------------------------------
Loading part: xc7a200tfbg484-1
---------------------------------------------------------------------------------
Finished Loading Part and Timing Information : Time (s): cpu = 00:00:20 ; elapsed = 00:00:25 . Memory (MB): peak = 1124.902 ; gain = 107.781
---------------------------------------------------------------------------------
---------------------------------------------------------------------------------
Start Applying 'set_property' XDC Constraints
---------------------------------------------------------------------------------
---------------------------------------------------------------------------------
Finished applying 'set_property' XDC Constraints : Time (s): cpu = 00:00:20 ; elapsed = 00:00:25 . Memory (MB): peak = 1124.902 ; gain = 107.781
---------------------------------------------------------------------------------
INFO: [Synth 8-802] inferred FSM for state register 'cur_state_reg' in module 'project_reti_logiche'
WARNING: [Synth 8-327] inferring latch for variable 'shift_level_calc_out_reg' [C:/Users/User/OneDrive - Politecnico di Milano/Documenti/GitHub/prova_finale_reti_logiche/project_reti_logiche/project_reti_logiche.srcs/sources_1/new/datapath.vhd:209]
---------------------------------------------------------------------------------------------------
                   State |                     New Encoding |                Previous Encoding 
---------------------------------------------------------------------------------------------------
                     rst |                  000000000000001 |                             0000
               req_n_col |                  000000000000010 |                             0001
              read_n_col |                  000000000000100 |                             0010
               req_n_rig |                  000000000001000 |                             0011
              read_n_rig |                  000000000010000 |                             0100
               init_comp |                  000000000100000 |                             0101
                comp_ext |                  000000001000000 |                             0110
              calc_shift |                  000000010000000 |                             0111
               init_calc |                  000000100000000 |                             1000
              init_shift |                  000001000000000 |                             1001
               shift_bit |                  000010000000000 |                             1010
               write_new |                  000100000000000 |                             1011
               req_pixel |                  001000000000000 |                             1100
                    done |                  010000000000000 |                             1101
                  iSTATE |                  100000000000000 |                             1111
---------------------------------------------------------------------------------------------------
INFO: [Synth 8-3354] encoded FSM with state register 'cur_state_reg' using encoding 'one-hot' in module 'project_reti_logiche'
---------------------------------------------------------------------------------
Finished RTL Optimization Phase 2 : Time (s): cpu = 00:00:21 ; elapsed = 00:00:26 . Memory (MB): peak = 1124.902 ; gain = 107.781
---------------------------------------------------------------------------------
---------------------------------------------------------------------------------
Start RTL Component Statistics 
---------------------------------------------------------------------------------
Detailed RTL Component Info : 
+---Adders : 
	   2 Input   16 Bit       Adders := 1     
	   3 Input   16 Bit       Adders := 1     
	   3 Input    8 Bit       Adders := 2     
	   2 Input    4 Bit       Adders := 1     
+---Registers : 
	               16 Bit    Registers := 1     
	                9 Bit    Registers := 1     
	                8 Bit    Registers := 3     
	                4 Bit    Registers := 2     
+---Muxes : 
	   4 Input   16 Bit        Muxes := 1     
	  14 Input   15 Bit        Muxes := 1     
	   2 Input   15 Bit        Muxes := 6     
	   2 Input    9 Bit        Muxes := 1     
	   2 Input    8 Bit        Muxes := 3     
	   9 Input    4 Bit        Muxes := 1     
	  15 Input    2 Bit        Muxes := 1     
	   9 Input    1 Bit        Muxes := 1     
	  15 Input    1 Bit        Muxes := 9     
---------------------------------------------------------------------------------
Finished RTL Component Statistics 
---------------------------------------------------------------------------------
---------------------------------------------------------------------------------
Start Part Resource Summary
---------------------------------------------------------------------------------
Part Resources:
DSPs: 740 (col length:100)
BRAMs: 730 (col length: RAMB18 100 RAMB36 50)
---------------------------------------------------------------------------------
Finished Part Resource Summary
---------------------------------------------------------------------------------
---------------------------------------------------------------------------------
Start Cross Boundary and Area Optimization
---------------------------------------------------------------------------------
---------------------------------------------------------------------------------
Finished Cross Boundary and Area Optimization : Time (s): cpu = 00:00:24 ; elapsed = 00:00:29 . Memory (MB): peak = 1124.902 ; gain = 107.781
---------------------------------------------------------------------------------
---------------------------------------------------------------------------------
Start Applying XDC Timing Constraints
---------------------------------------------------------------------------------
---------------------------------------------------------------------------------
Finished Applying XDC Timing Constraints : Time (s): cpu = 00:00:31 ; elapsed = 00:00:36 . Memory (MB): peak = 1124.902 ; gain = 107.781
---------------------------------------------------------------------------------
---------------------------------------------------------------------------------
Start Timing Optimization
---------------------------------------------------------------------------------
---------------------------------------------------------------------------------
Finished Timing Optimization : Time (s): cpu = 00:00:32 ; elapsed = 00:00:37 . Memory (MB): peak = 1124.902 ; gain = 107.781
---------------------------------------------------------------------------------
---------------------------------------------------------------------------------
Start Technology Mapping
---------------------------------------------------------------------------------
---------------------------------------------------------------------------------
Finished Technology Mapping : Time (s): cpu = 00:00:32 ; elapsed = 00:00:37 . Memory (MB): peak = 1124.902 ; gain = 107.781
---------------------------------------------------------------------------------
---------------------------------------------------------------------------------
Start IO Insertion
---------------------------------------------------------------------------------
---------------------------------------------------------------------------------
Start Flattening Before IO Insertion
---------------------------------------------------------------------------------
---------------------------------------------------------------------------------
Finished Flattening Before IO Insertion
---------------------------------------------------------------------------------
---------------------------------------------------------------------------------
Start Final Netlist Cleanup
---------------------------------------------------------------------------------
---------------------------------------------------------------------------------
Finished Final Netlist Cleanup
---------------------------------------------------------------------------------
---------------------------------------------------------------------------------
Finished IO Insertion : Time (s): cpu = 00:00:36 ; elapsed = 00:00:41 . Memory (MB): peak = 1124.902 ; gain = 107.781
---------------------------------------------------------------------------------
---------------------------------------------------------------------------------
Start Renaming Generated Instances
---------------------------------------------------------------------------------
---------------------------------------------------------------------------------
Finished Renaming Generated Instances : Time (s): cpu = 00:00:36 ; elapsed = 00:00:41 . Memory (MB): peak = 1124.902 ; gain = 107.781
---------------------------------------------------------------------------------
---------------------------------------------------------------------------------
Start Rebuilding User Hierarchy
---------------------------------------------------------------------------------
---------------------------------------------------------------------------------
Finished Rebuilding User Hierarchy : Time (s): cpu = 00:00:36 ; elapsed = 00:00:41 . Memory (MB): peak = 1124.902 ; gain = 107.781
---------------------------------------------------------------------------------
---------------------------------------------------------------------------------
Start Renaming Generated Ports
---------------------------------------------------------------------------------
---------------------------------------------------------------------------------
Finished Renaming Generated Ports : Time (s): cpu = 00:00:36 ; elapsed = 00:00:41 . Memory (MB): peak = 1124.902 ; gain = 107.781
---------------------------------------------------------------------------------
---------------------------------------------------------------------------------
Start Handling Custom Attributes
---------------------------------------------------------------------------------
---------------------------------------------------------------------------------
Finished Handling Custom Attributes : Time (s): cpu = 00:00:36 ; elapsed = 00:00:41 . Memory (MB): peak = 1124.902 ; gain = 107.781
---------------------------------------------------------------------------------
---------------------------------------------------------------------------------
Start Renaming Generated Nets
---------------------------------------------------------------------------------
---------------------------------------------------------------------------------
Finished Renaming Generated Nets : Time (s): cpu = 00:00:36 ; elapsed = 00:00:41 . Memory (MB): peak = 1124.902 ; gain = 107.781
---------------------------------------------------------------------------------
---------------------------------------------------------------------------------
Start Writing Synthesis Report
---------------------------------------------------------------------------------

Report BlackBoxes: 
+-+--------------+----------+
| |BlackBox name |Instances |
+-+--------------+----------+
+-+--------------+----------+

Report Cell Usage: 
+------+-------+------+
|      |Cell   |Count |
+------+-------+------+
|1     |BUFG   |     1|
|2     |CARRY4 |    30|
|3     |LUT1   |     3|
|4     |LUT2   |    76|
|5     |LUT3   |    37|
|6     |LUT4   |    68|
|7     |LUT5   |     6|
|8     |LUT6   |    59|
|9     |FDCE   |    65|
|10    |FDPE   |     8|
|11    |FDRE   |    13|
|12    |FDSE   |     1|
|13    |IBUF   |    11|
|14    |OBUF   |    27|
+------+-------+------+
---------------------------------------------------------------------------------
Finished Writing Synthesis Report : Time (s): cpu = 00:00:36 ; elapsed = 00:00:41 . Memory (MB): peak = 1124.902 ; gain = 107.781
---------------------------------------------------------------------------------
Synthesis finished with 0 errors, 0 critical warnings and 1 warnings.
Synthesis Optimization Runtime : Time (s): cpu = 00:00:22 ; elapsed = 00:00:36 . Memory (MB): peak = 1124.902 ; gain = 0.000
Synthesis Optimization Complete : Time (s): cpu = 00:00:36 ; elapsed = 00:00:41 . Memory (MB): peak = 1124.902 ; gain = 107.781
INFO: [Project 1-571] Translating synthesized netlist
Netlist sorting complete. Time (s): cpu = 00:00:00 ; elapsed = 00:00:00.007 . Memory (MB): peak = 1131.293 ; gain = 0.000
INFO: [Netlist 29-17] Analyzing 30 Unisim elements for replacement
INFO: [Netlist 29-28] Unisim Transformation completed in 0 CPU seconds
INFO: [Project 1-570] Preparing netlist for logic optimization
INFO: [Opt 31-138] Pushed 0 inverter(s) to 0 load pin(s).
Netlist sorting complete. Time (s): cpu = 00:00:00 ; elapsed = 00:00:00 . Memory (MB): peak = 1131.293 ; gain = 0.000
INFO: [Project 1-111] Unisim Transformation Summary:
No Unisim elements were transformed.

INFO: [Common 17-83] Releasing license: Synthesis
46 Infos, 1 Warnings, 0 Critical Warnings and 0 Errors encountered.
synth_design completed successfully
synth_design: Time (s): cpu = 00:00:45 ; elapsed = 00:00:54 . Memory (MB): peak = 1131.293 ; gain = 114.172
INFO: [Common 17-1381] The checkpoint 'C:/Users/User/OneDrive - Politecnico di Milano/Documenti/GitHub/prova_finale_reti_logiche/project_reti_logiche/project_reti_logiche.runs/synth_1/project_reti_logiche.dcp' has been generated.
INFO: [runtcl-4] Executing : report_utilization -file project_reti_logiche_utilization_synth.rpt -pb project_reti_logiche_utilization_synth.pb
INFO: [Common 17-206] Exiting Vivado at Sun Mar 14 17:41:03 2021...
