#-----------------------------------------------------------
# Vivado v2020.2 (64-bit)
# SW Build 3064766 on Wed Nov 18 09:12:45 MST 2020
# IP Build 3064653 on Wed Nov 18 14:17:31 MST 2020
# Start of session at: Thu Mar 18 00:02:41 2021
# Process ID: 1436
# Current directory: E:/GitHub/PFRL_pizzamiglio_prisciantelli/project_reti_logiche
# Command line: vivado.exe -gui_launcher_event rodinguilauncherevent6304 E:\GitHub\PFRL_pizzamiglio_prisciantelli\project_reti_logiche\project_reti_logiche.xpr
# Log file: E:/GitHub/PFRL_pizzamiglio_prisciantelli/project_reti_logiche/vivado.log
# Journal file: E:/GitHub/PFRL_pizzamiglio_prisciantelli/project_reti_logiche\vivado.jou
#-----------------------------------------------------------
start_gui
open_project E:/GitHub/PFRL_pizzamiglio_prisciantelli/project_reti_logiche/project_reti_logiche.xpr
INFO: [Project 1-313] Project file moved from 'C:/Users/andre/Documents/GitHub/PFRL_pizzamiglio_prisciantelli/project_reti_logiche' since last save.
WARNING: [filemgmt 56-2] Default IP Output Path : Could not find the directory 'E:/GitHub/PFRL_pizzamiglio_prisciantelli/project_reti_logiche/project_reti_logiche.gen/sources_1', nor could it be found using path 'C:/Users/andre/Documents/GitHub/PFRL_pizzamiglio_prisciantelli/project_reti_logiche/project_reti_logiche.gen/sources_1'.
Scanning sources...
Finished scanning sources
INFO: [IP_Flow 19-234] Refreshing IP repositories
INFO: [IP_Flow 19-1704] No user IP repositories specified
INFO: [IP_Flow 19-2313] Loaded Vivado IP repository 'C:/Xilinx/Vivado/2020.2/data/ip'.
open_project: Time (s): cpu = 00:00:12 ; elapsed = 00:00:06 . Memory (MB): peak = 1004.879 ; gain = 0.000
exit
INFO: [Common 17-206] Exiting Vivado at Thu Mar 18 00:05:31 2021...
INFO: [filemgmt 56-326] User Interrupt. Could not getCurrentGraph()
INFO: [filemgmt 56-326] User Interrupt. Could not getCurrentGraph()
