#-----------------------------------------------------------
# Vivado v2020.2 (64-bit)
# SW Build 3064766 on Wed Nov 18 09:12:45 MST 2020
# IP Build 3064653 on Wed Nov 18 14:17:31 MST 2020
# Start of session at: Mon Mar 15 17:08:17 2021
# Process ID: 2184
# Current directory: C:/Users/andre/Documents/GitHub/PFRL_pizzamiglio_prisciantelli/project_reti_logiche
# Command line: vivado.exe -gui_launcher_event rodinguilauncherevent13872 C:\Users\andre\Documents\GitHub\PFRL_pizzamiglio_prisciantelli\project_reti_logiche\project_reti_logiche.xpr
# Log file: C:/Users/andre/Documents/GitHub/PFRL_pizzamiglio_prisciantelli/project_reti_logiche/vivado.log
# Journal file: C:/Users/andre/Documents/GitHub/PFRL_pizzamiglio_prisciantelli/project_reti_logiche\vivado.jou
#-----------------------------------------------------------
start_gui
open_project C:/Users/andre/Documents/GitHub/PFRL_pizzamiglio_prisciantelli/project_reti_logiche/project_reti_logiche.xpr
INFO: [ProjectBase 1-489] The host OS only allows 260 characters in a normal path. The project is stored in a path with more than 80 characters. If you experience issues with IP, Block Designs, or files not being found, please consider moving the project to a location with a shorter path. Alternately consider using the OS subst command to map part of the path to a drive letter.
Current project path is 'C:/Users/andre/Documents/GitHub/PFRL_pizzamiglio_prisciantelli/project_reti_logiche'
INFO: [Project 1-313] Project file moved from 'C:/Users/User/OneDrive - Politecnico di Milano/Documenti/GitHub/prova_finale_reti_logiche/project_reti_logiche' since last save.
WARNING: [filemgmt 56-2] Default IP Output Path : Could not find the directory 'C:/Users/andre/Documents/GitHub/PFRL_pizzamiglio_prisciantelli/project_reti_logiche/project_reti_logiche.gen/sources_1', nor could it be found using path 'C:/Users/User/OneDrive - Politecnico di Milano/Documenti/GitHub/prova_finale_reti_logiche/project_reti_logiche/project_reti_logiche.gen/sources_1'.
Scanning sources...
Finished scanning sources
INFO: [IP_Flow 19-234] Refreshing IP repositories
INFO: [IP_Flow 19-1704] No user IP repositories specified
INFO: [IP_Flow 19-2313] Loaded Vivado IP repository 'C:/Xilinx/Vivado/2020.2/data/ip'.
update_compile_order -fileset sources_1
reset_run synth_1
launch_runs synth_1 -jobs 6
[Mon Mar 15 17:09:35 2021] Launched synth_1...
Run output will be captured here: C:/Users/andre/Documents/GitHub/PFRL_pizzamiglio_prisciantelli/project_reti_logiche/project_reti_logiche.runs/synth_1/runme.log
open_run synth_1 -name synth_1
Design is defaulting to impl run constrset: constrs_1
Design is defaulting to synth run part: xc7a200tfbg484-1
INFO: [Device 21-403] Loading part xc7a200tfbg484-1
Netlist sorting complete. Time (s): cpu = 00:00:00 ; elapsed = 00:00:00.005 . Memory (MB): peak = 1215.793 ; gain = 0.000
INFO: [Netlist 29-17] Analyzing 30 Unisim elements for replacement
INFO: [Netlist 29-28] Unisim Transformation completed in 0 CPU seconds
INFO: [Project 1-479] Netlist was created with Vivado 2020.2
INFO: [Project 1-570] Preparing netlist for logic optimization
Parsing XDC File [C:/Users/andre/Documents/GitHub/PFRL_pizzamiglio_prisciantelli/project_reti_logiche/project_reti_logiche.srcs/constrs_1/new/clock.xdc]
Finished Parsing XDC File [C:/Users/andre/Documents/GitHub/PFRL_pizzamiglio_prisciantelli/project_reti_logiche/project_reti_logiche.srcs/constrs_1/new/clock.xdc]
INFO: [Opt 31-138] Pushed 0 inverter(s) to 0 load pin(s).
Netlist sorting complete. Time (s): cpu = 00:00:00 ; elapsed = 00:00:00.001 . Memory (MB): peak = 1315.336 ; gain = 0.000
INFO: [Project 1-111] Unisim Transformation Summary:
No Unisim elements were transformed.

open_run: Time (s): cpu = 00:00:14 ; elapsed = 00:00:09 . Memory (MB): peak = 1442.281 ; gain = 426.754
launch_simulation -mode post-synthesis -type functional
Command: launch_simulation -mode post-synthesis -type functional
INFO: [Vivado 12-5682] Launching post-synthesis functional simulation in 'C:/Users/andre/Documents/GitHub/PFRL_pizzamiglio_prisciantelli/project_reti_logiche/project_reti_logiche.sim/sim_1/synth/func/xsim'
INFO: [SIM-utils-51] Simulation object is 'sim_1'
INFO: [SIM-utils-24] Writing simulation netlist file for design 'synth_1'...
INFO: [SIM-utils-26] write_vhdl -mode funcsim -nolib -force -file "C:/Users/andre/Documents/GitHub/PFRL_pizzamiglio_prisciantelli/project_reti_logiche/project_reti_logiche.sim/sim_1/synth/func/xsim/project_tb_func_synth.vhd"
INFO: [SIM-utils-36] Netlist generated:C:/Users/andre/Documents/GitHub/PFRL_pizzamiglio_prisciantelli/project_reti_logiche/project_reti_logiche.sim/sim_1/synth/func/xsim/project_tb_func_synth.vhd
INFO: [SIM-utils-54] Inspecting design source files for 'project_tb' in fileset 'sim_1'...
INFO: [USF-XSim-2] XSim::Compile design
INFO: [USF-XSim-61] Executing 'COMPILE and ANALYZE' step in 'C:/Users/andre/Documents/GitHub/PFRL_pizzamiglio_prisciantelli/project_reti_logiche/project_reti_logiche.sim/sim_1/synth/func/xsim'
"xvhdl --incr --relax -prj project_tb_vhdl.prj"
INFO: [VRFC 10-163] Analyzing VHDL file "C:/Users/andre/Documents/GitHub/PFRL_pizzamiglio_prisciantelli/project_reti_logiche/project_reti_logiche.sim/sim_1/synth/func/xsim/project_tb_func_synth.vhd" into library xil_defaultlib
INFO: [VRFC 10-3107] analyzing entity 'counter_16_bit'
INFO: [VRFC 10-3107] analyzing entity 'counter_4_bit'
INFO: [VRFC 10-3107] analyzing entity 'reg_16_bit'
INFO: [VRFC 10-3107] analyzing entity 'reg_4_bit'
INFO: [VRFC 10-3107] analyzing entity 'reg_8_bit'
INFO: [VRFC 10-3107] analyzing entity 'reg_8_bit_0'
INFO: [VRFC 10-3107] analyzing entity 'reg_8_bit_h'
INFO: [VRFC 10-3107] analyzing entity 'reg_sll_8_bit'
INFO: [VRFC 10-3107] analyzing entity 'datapath'
INFO: [VRFC 10-3107] analyzing entity 'project_reti_logiche'
INFO: [VRFC 10-163] Analyzing VHDL file "C:/Users/andre/Documents/GitHub/PFRL_pizzamiglio_prisciantelli/project_reti_logiche/project_reti_logiche.srcs/sim_1/imports/TB_Salice/TB4/threeConsecutiveRunsAndResetOnFirstRun.vhd" into library xil_defaultlib
INFO: [VRFC 10-3107] analyzing entity 'project_tb'
INFO: [USF-XSim-69] 'compile' step finished in '2' seconds
INFO: [USF-XSim-3] XSim::Elaborate design
INFO: [USF-XSim-61] Executing 'ELABORATE' step in 'C:/Users/andre/Documents/GitHub/PFRL_pizzamiglio_prisciantelli/project_reti_logiche/project_reti_logiche.sim/sim_1/synth/func/xsim'
"xelab -wto f544b6000f904c00a8e2ec4a71f15e13 --incr --debug typical --relax --mt 2 -L xil_defaultlib -L secureip --snapshot project_tb_func_synth xil_defaultlib.project_tb -log elaborate.log"
Vivado Simulator 2020.2
Copyright 1986-1999, 2001-2020 Xilinx, Inc. All Rights Reserved.
Running: C:/Xilinx/Vivado/2020.2/bin/unwrapped/win64.o/xelab.exe -wto f544b6000f904c00a8e2ec4a71f15e13 --incr --debug typical --relax --mt 2 -L xil_defaultlib -L secureip --snapshot project_tb_func_synth xil_defaultlib.project_tb -log elaborate.log 
Using 2 slave threads.
Starting static elaboration
Completed static elaboration
Starting simulation data flow analysis
Completed simulation data flow analysis
Time Resolution for simulation is 1ps
Compiling package std.standard
Compiling package std.textio
Compiling package ieee.std_logic_1164
Compiling package ieee.numeric_std
Compiling package ieee.std_logic_arith
Compiling package ieee.std_logic_unsigned
Compiling package unisim.vcomponents
Compiling package ieee.vital_timing
Compiling package ieee.vital_primitives
Compiling package unisim.vpkg
Compiling architecture lut3_v of entity unisim.LUT3 [\LUT3(init="10101000")(0,7)\]
Compiling architecture lut2_v of entity unisim.LUT2 [\LUT2(init="0010")(0,3)\]
Compiling architecture lut3_v of entity unisim.LUT3 [\LUT3(init="11101010")(0,7)\]
Compiling architecture lut3_v of entity unisim.LUT3 [\LUT3(init="00001110")(0,7)\]
Compiling architecture lut3_v of entity unisim.LUT3 [\LUT3(init="10111000")(0,7)\]
Compiling architecture lut6_v of entity unisim.LUT6 [\LUT6(init="11111111111111111111...]
Compiling architecture lut6_v of entity unisim.LUT6 [\LUT6(init="00000000000000000000...]
Compiling architecture lut6_v of entity unisim.LUT6 [\LUT6(init="00000000000000000000...]
Compiling architecture lut6_v of entity unisim.LUT6 [\LUT6(init="00000000000000000000...]
Compiling architecture lut5_v of entity unisim.LUT5 [\LUT5(init="01111111111111111111...]
Compiling architecture lut2_v of entity unisim.LUT2 [\LUT2(init="1110")(0,3)\]
Compiling architecture lut6_v of entity unisim.LUT6 [\LUT6(init="00101010101010101010...]
Compiling architecture lut6_v of entity unisim.LUT6 [\LUT6(init="00000000000000000000...]
Compiling architecture lut3_v of entity unisim.LUT3 [\LUT3(init="00000001")(0,7)\]
Compiling architecture fdce_v of entity unisim.FDCE [fdce_default]
Compiling architecture lut4_v of entity unisim.LUT4 [\LUT4(init="0010111100000010")(0...]
Compiling architecture lut4_v of entity unisim.LUT4 [\LUT4(init="1001000000001001")(0...]
Compiling architecture lut2_v of entity unisim.LUT2 [\LUT2(init="1001")(0,3)\]
Compiling architecture structure of entity xil_defaultlib.reg_8_bit [reg_8_bit_default]
Compiling architecture fdpe_v of entity unisim.FDPE [fdpe_default]
Compiling architecture structure of entity xil_defaultlib.reg_8_bit_h [reg_8_bit_h_default]
Compiling architecture lut6_v of entity unisim.LUT6 [\LUT6(init="11111000100010001000...]
Compiling architecture lut2_v of entity unisim.LUT2 [\LUT2(init="1000")(0,3)\]
Compiling architecture lut2_v of entity unisim.LUT2 [\LUT2(init="0111")(0,3)\]
Compiling architecture lut6_v of entity unisim.LUT6 [\LUT6(init="11101100101000001000...]
Compiling architecture lut6_v of entity unisim.LUT6 [\LUT6(init="11111000100000001000...]
Compiling architecture lut6_v of entity unisim.LUT6 [\LUT6(init="10010101011010100110...]
Compiling architecture lut6_v of entity unisim.LUT6 [\LUT6(init="01101001100110011001...]
Compiling architecture lut6_v of entity unisim.LUT6 [\LUT6(init="10010110011001100110...]
Compiling architecture lut4_v of entity unisim.LUT4 [\LUT4(init="1000000000000000")(0...]
Compiling architecture lut4_v of entity unisim.LUT4 [\LUT4(init="0111000000000000")(0...]
Compiling architecture lut6_v of entity unisim.LUT6 [\LUT6(init="11100011011111110111...]
Compiling architecture lut6_v of entity unisim.LUT6 [\LUT6(init="10000111011101110111...]
Compiling architecture lut4_v of entity unisim.LUT4 [\LUT4(init="0111100010001000")(0...]
Compiling architecture lut6_v of entity unisim.LUT6 [\LUT6(init="10011001011010011001...]
Compiling architecture lut6_v of entity unisim.LUT6 [\LUT6(init="01101010100101011001...]
Compiling architecture lut6_v of entity unisim.LUT6 [\LUT6(init="01101010100101011001...]
Compiling architecture lut6_v of entity unisim.LUT6 [\LUT6(init="11100101011111110111...]
Compiling architecture lut6_v of entity unisim.LUT6 [\LUT6(init="01101010100101010011...]
Compiling architecture lut6_v of entity unisim.LUT6 [\LUT6(init="11111111111111111111...]
Compiling architecture lut4_v of entity unisim.LUT4 [\LUT4(init="1000011101111000")(0...]
Compiling architecture lut4_v of entity unisim.LUT4 [\LUT4(init="1111100010000000")(0...]
Compiling architecture lut6_v of entity unisim.LUT6 [\LUT6(init="01111000100001111000...]
Compiling architecture lut6_v of entity unisim.LUT6 [\LUT6(init="10101010101010101000...]
Compiling architecture lut6_v of entity unisim.LUT6 [\LUT6(init="10000000011111111111...]
Compiling architecture lut6_v of entity unisim.LUT6 [\LUT6(init="11101010100000000001...]
Compiling architecture lut6_v of entity unisim.LUT6 [\LUT6(init="11111010100000000000...]
Compiling architecture lut6_v of entity unisim.LUT6 [\LUT6(init="10011001100110011001...]
Compiling architecture lut5_v of entity unisim.LUT5 [\LUT5(init="10010101011010100110...]
Compiling architecture lut6_v of entity unisim.LUT6 [\LUT6(init="10110011111111111100...]
Compiling architecture lut3_v of entity unisim.LUT3 [\LUT3(init="10000000")(0,7)\]
Compiling architecture lut3_v of entity unisim.LUT3 [\LUT3(init="01101010")(0,7)\]
Compiling architecture lut5_v of entity unisim.LUT5 [\LUT5(init="10000111011110000111...]
Compiling architecture lut6_v of entity unisim.LUT6 [\LUT6(init="11101000111111111111...]
Compiling architecture lut6_v of entity unisim.LUT6 [\LUT6(init="10001111111011000001...]
Compiling architecture lut6_v of entity unisim.LUT6 [\LUT6(init="01101001100101101001...]
Compiling architecture lut6_v of entity unisim.LUT6 [\LUT6(init="11101000100010000001...]
Compiling architecture lut4_v of entity unisim.LUT4 [\LUT4(init="1001011001100110")(0...]
Compiling architecture structure of entity xil_defaultlib.reg_8_bit_0 [reg_8_bit_0_default]
Compiling architecture lut6_v of entity unisim.LUT6 [\LUT6(init="11111111111111111111...]
Compiling architecture lut1_v of entity unisim.LUT1 [\LUT1(init="0001")(0,3)\]
Compiling architecture carry4_v of entity unisim.CARRY4 [carry4_default]
Compiling architecture lut6_v of entity unisim.LUT6 [\LUT6(init="10010000000010010000...]
Compiling architecture structure of entity xil_defaultlib.counter_16_bit [counter_16_bit_default]
Compiling architecture lut2_v of entity unisim.LUT2 [\LUT2(init="0110")(0,3)\]
Compiling architecture lut3_v of entity unisim.LUT3 [\LUT3(init="01111000")(0,7)\]
Compiling architecture lut5_v of entity unisim.LUT5 [\LUT5(init="11111111111111111111...]
Compiling architecture lut4_v of entity unisim.LUT4 [\LUT4(init="0110101010101010")(0...]
Compiling architecture structure of entity xil_defaultlib.counter_4_bit [counter_4_bit_default]
Compiling architecture lut5_v of entity unisim.LUT5 [\LUT5(init="01101111111101101111...]
Compiling architecture lut3_v of entity unisim.LUT3 [\LUT3(init="10000001")(0,7)\]
Compiling architecture structure of entity xil_defaultlib.reg_4_bit [reg_4_bit_default]
Compiling architecture lut6_v of entity unisim.LUT6 [\LUT6(init="11111111111111111111...]
Compiling architecture lut3_v of entity unisim.LUT3 [\LUT3(init="11111110")(0,7)\]
Compiling architecture lut4_v of entity unisim.LUT4 [\LUT4(init="0001111011100001")(0...]
Compiling architecture lut4_v of entity unisim.LUT4 [\LUT4(init="0110100110011001")(0...]
Compiling architecture lut4_v of entity unisim.LUT4 [\LUT4(init="1110000100011110")(0...]
Compiling architecture structure of entity xil_defaultlib.reg_16_bit [reg_16_bit_default]
Compiling architecture structure of entity xil_defaultlib.reg_sll_8_bit [reg_sll_8_bit_default]
Compiling architecture lut6_v of entity unisim.LUT6 [\LUT6(init="11001100110011111100...]
Compiling architecture lut4_v of entity unisim.LUT4 [\LUT4(init="0100111101000100")(0...]
Compiling architecture structure of entity xil_defaultlib.datapath [datapath_default]
Compiling architecture lut6_v of entity unisim.LUT6 [\LUT6(init="11111111111111111111...]
Compiling architecture fdse_v of entity unisim.FDSE [fdse_default]
Compiling architecture fdre_v of entity unisim.FDRE [fdre_default]
Compiling architecture bufg_v of entity unisim.BUFG [bufg_default]
Compiling architecture ibuf_v of entity unisim.IBUF [\IBUF(1,9)(1,1)(1,4)(1,7)\]
Compiling architecture obuf_v of entity unisim.OBUF [\OBUF(1,9)(1,7)(1,4)\]
Compiling architecture lut4_v of entity unisim.LUT4 [\LUT4(init="1111111111111110")(0...]
Compiling architecture lut5_v of entity unisim.LUT5 [\LUT5(init="01010101010101010101...]
Compiling architecture lut6_v of entity unisim.LUT6 [\LUT6(init="10101010101010101010...]
Compiling architecture lut6_v of entity unisim.LUT6 [\LUT6(init="11111111111111111111...]
Compiling architecture structure of entity xil_defaultlib.project_reti_logiche [project_reti_logiche_default]
Compiling architecture projecttb of entity xil_defaultlib.project_tb
Built simulation snapshot project_tb_func_synth
run_program: Time (s): cpu = 00:00:12 ; elapsed = 00:00:34 . Memory (MB): peak = 2173.465 ; gain = 0.000
INFO: [USF-XSim-69] 'elaborate' step finished in '33' seconds
INFO: [USF-XSim-4] XSim::Simulate design
INFO: [USF-XSim-61] Executing 'SIMULATE' step in 'C:/Users/andre/Documents/GitHub/PFRL_pizzamiglio_prisciantelli/project_reti_logiche/project_reti_logiche.sim/sim_1/synth/func/xsim'
INFO: [USF-XSim-98] *** Running xsim
   with args "project_tb_func_synth -key {Post-Synthesis:sim_1:Functional:project_tb} -tclbatch {project_tb.tcl} -view {C:/Users/andre/Documents/GitHub/PFRL_pizzamiglio_prisciantelli/project_reti_logiche/project_tb_func_synth.wcfg} -view {C:/Users/andre/Documents/GitHub/PFRL_pizzamiglio_prisciantelli/project_reti_logiche/project_tb_behav.wcfg} -log {simulate.log}"
INFO: [USF-XSim-8] Loading simulator feature
Vivado Simulator 2020.2
Time resolution is 1 ps
open_wave_config C:/Users/andre/Documents/GitHub/PFRL_pizzamiglio_prisciantelli/project_reti_logiche/project_tb_func_synth.wcfg
open_wave_config C:/Users/andre/Documents/GitHub/PFRL_pizzamiglio_prisciantelli/project_reti_logiche/project_tb_behav.wcfg
WARNING: Simulation object /project_tb/UUT/cur_state was not found in the design.
WARNING: Simulation object /project_tb/UUT/DATAPATH0/min_value was not found in the design.
WARNING: Simulation object /project_tb/UUT/DATAPATH0/max_value was not found in the design.
WARNING: Simulation object /project_tb/UUT/DATAPATH0/temp_value was not found in the design.
WARNING: Simulation object /project_tb/UUT/DATAPATH0/shift_level was not found in the design.
WARNING: Simulation object /project_tb/UUT/DATAPATH0/o_data was not found in the design.
source project_tb.tcl
# set curr_wave [current_wave_config]
# if { [string length $curr_wave] == 0 } {
#   if { [llength [get_objects]] > 0} {
#     add_wave /
#     set_property needs_save false [current_wave_config]
#   } else {
#      send_msg_id Add_Wave-1 WARNING "No top level signals found. Simulator will start without a wave window. If you want to open a wave window go to 'File->New Waveform Configuration' or type 'create_wave_config' in the TCL console."
#   }
# }
# run 1000ns
xsim: Time (s): cpu = 00:00:10 ; elapsed = 00:00:05 . Memory (MB): peak = 2195.684 ; gain = 18.613
INFO: [USF-XSim-96] XSim completed. Design snapshot 'project_tb_func_synth' loaded.
INFO: [USF-XSim-97] XSim simulation ran for 1000ns
launch_simulation: Time (s): cpu = 00:00:23 ; elapsed = 00:00:42 . Memory (MB): peak = 2195.684 ; gain = 22.219
launch_simulation
Command: launch_simulation 
INFO: [Vivado 12-5682] Launching behavioral simulation in 'C:/Users/andre/Documents/GitHub/PFRL_pizzamiglio_prisciantelli/project_reti_logiche/project_reti_logiche.sim/sim_1/behav/xsim'
INFO: [SIM-utils-51] Simulation object is 'sim_1'
INFO: [SIM-utils-54] Inspecting design source files for 'project_tb' in fileset 'sim_1'...
INFO: [USF-XSim-97] Finding global include files...
INFO: [USF-XSim-98] Fetching design files from 'sim_1'...
INFO: [USF-XSim-2] XSim::Compile design
INFO: [USF-XSim-61] Executing 'COMPILE and ANALYZE' step in 'C:/Users/andre/Documents/GitHub/PFRL_pizzamiglio_prisciantelli/project_reti_logiche/project_reti_logiche.sim/sim_1/behav/xsim'
"xvhdl --incr --relax -prj project_tb_vhdl.prj"
INFO: [VRFC 10-163] Analyzing VHDL file "C:/Users/andre/Documents/GitHub/PFRL_pizzamiglio_prisciantelli/project_reti_logiche/project_reti_logiche.srcs/sources_1/new/counter_16_bit.vhd" into library xil_defaultlib
INFO: [VRFC 10-3107] analyzing entity 'counter_16_bit'
INFO: [VRFC 10-163] Analyzing VHDL file "C:/Users/andre/Documents/GitHub/PFRL_pizzamiglio_prisciantelli/project_reti_logiche/project_reti_logiche.srcs/sources_1/new/counter_4_bit.vhd" into library xil_defaultlib
INFO: [VRFC 10-3107] analyzing entity 'counter_4_bit'
INFO: [VRFC 10-163] Analyzing VHDL file "C:/Users/andre/Documents/GitHub/PFRL_pizzamiglio_prisciantelli/project_reti_logiche/project_reti_logiche.srcs/sources_1/new/datapath.vhd" into library xil_defaultlib
INFO: [VRFC 10-3107] analyzing entity 'datapath'
INFO: [VRFC 10-163] Analyzing VHDL file "C:/Users/andre/Documents/GitHub/PFRL_pizzamiglio_prisciantelli/project_reti_logiche/project_reti_logiche.srcs/sources_1/new/mux_4_1_16_bit.vhd" into library xil_defaultlib
INFO: [VRFC 10-3107] analyzing entity 'mux_4_1_16_bit'
INFO: [VRFC 10-163] Analyzing VHDL file "C:/Users/andre/Documents/GitHub/PFRL_pizzamiglio_prisciantelli/project_reti_logiche/project_reti_logiche.srcs/sources_1/new/project_reti_logiche.vhd" into library xil_defaultlib
INFO: [VRFC 10-3107] analyzing entity 'project_reti_logiche'
INFO: [VRFC 10-163] Analyzing VHDL file "C:/Users/andre/Documents/GitHub/PFRL_pizzamiglio_prisciantelli/project_reti_logiche/project_reti_logiche.srcs/sources_1/new/reg_16_bit.vhd" into library xil_defaultlib
INFO: [VRFC 10-3107] analyzing entity 'reg_16_bit'
INFO: [VRFC 10-163] Analyzing VHDL file "C:/Users/andre/Documents/GitHub/PFRL_pizzamiglio_prisciantelli/project_reti_logiche/project_reti_logiche.srcs/sources_1/new/reg_4_bit.vhd" into library xil_defaultlib
INFO: [VRFC 10-3107] analyzing entity 'reg_4_bit'
INFO: [VRFC 10-163] Analyzing VHDL file "C:/Users/andre/Documents/GitHub/PFRL_pizzamiglio_prisciantelli/project_reti_logiche/project_reti_logiche.srcs/sources_1/new/reg_8_bit.vhd" into library xil_defaultlib
INFO: [VRFC 10-3107] analyzing entity 'reg_8_bit'
INFO: [VRFC 10-163] Analyzing VHDL file "C:/Users/andre/Documents/GitHub/PFRL_pizzamiglio_prisciantelli/project_reti_logiche/project_reti_logiche.srcs/sources_1/new/reg_8_bit_h.vhd" into library xil_defaultlib
INFO: [VRFC 10-3107] analyzing entity 'reg_8_bit_h'
INFO: [VRFC 10-163] Analyzing VHDL file "C:/Users/andre/Documents/GitHub/PFRL_pizzamiglio_prisciantelli/project_reti_logiche/project_reti_logiche.srcs/sources_1/new/reg_sll_8_bit.vhd" into library xil_defaultlib
INFO: [VRFC 10-3107] analyzing entity 'reg_sll_8_bit'
INFO: [VRFC 10-163] Analyzing VHDL file "C:/Users/andre/Documents/GitHub/PFRL_pizzamiglio_prisciantelli/project_reti_logiche/project_reti_logiche.srcs/sim_1/imports/TB_Salice/TB4/threeConsecutiveRunsAndResetOnFirstRun.vhd" into library xil_defaultlib
INFO: [VRFC 10-3107] analyzing entity 'project_tb'
INFO: [USF-XSim-69] 'compile' step finished in '2' seconds
INFO: [USF-XSim-3] XSim::Elaborate design
INFO: [USF-XSim-61] Executing 'ELABORATE' step in 'C:/Users/andre/Documents/GitHub/PFRL_pizzamiglio_prisciantelli/project_reti_logiche/project_reti_logiche.sim/sim_1/behav/xsim'
"xelab -wto f544b6000f904c00a8e2ec4a71f15e13 --incr --debug typical --relax --mt 2 -L xil_defaultlib -L secureip --snapshot project_tb_behav xil_defaultlib.project_tb -log elaborate.log"
Vivado Simulator 2020.2
Copyright 1986-1999, 2001-2020 Xilinx, Inc. All Rights Reserved.
Running: C:/Xilinx/Vivado/2020.2/bin/unwrapped/win64.o/xelab.exe -wto f544b6000f904c00a8e2ec4a71f15e13 --incr --debug typical --relax --mt 2 -L xil_defaultlib -L secureip --snapshot project_tb_behav xil_defaultlib.project_tb -log elaborate.log 
Using 2 slave threads.
Starting static elaboration
Completed static elaboration
Starting simulation data flow analysis
Completed simulation data flow analysis
Time Resolution for simulation is 1ps
Compiling package std.standard
Compiling package std.textio
Compiling package ieee.std_logic_1164
Compiling package ieee.numeric_std
Compiling package ieee.std_logic_arith
Compiling package ieee.std_logic_unsigned
Compiling architecture behavioral of entity xil_defaultlib.reg_8_bit [reg_8_bit_default]
Compiling architecture behavioral of entity xil_defaultlib.reg_16_bit [reg_16_bit_default]
Compiling architecture behavioral of entity xil_defaultlib.counter_16_bit [counter_16_bit_default]
Compiling architecture behavioral of entity xil_defaultlib.mux_4_1_16_bit [mux_4_1_16_bit_default]
Compiling architecture behavioral of entity xil_defaultlib.reg_8_bit_h [reg_8_bit_h_default]
Compiling architecture behavioral of entity xil_defaultlib.reg_4_bit [reg_4_bit_default]
Compiling architecture behavioral of entity xil_defaultlib.counter_4_bit [counter_4_bit_default]
Compiling architecture behavioral of entity xil_defaultlib.reg_sll_8_bit [reg_sll_8_bit_default]
Compiling architecture behavioral of entity xil_defaultlib.datapath [datapath_default]
Compiling architecture behavioral of entity xil_defaultlib.project_reti_logiche [project_reti_logiche_default]
Compiling architecture projecttb of entity xil_defaultlib.project_tb
Built simulation snapshot project_tb_behav

****** Webtalk v2020.2 (64-bit)
  **** SW Build 3064766 on Wed Nov 18 09:12:45 MST 2020
  **** IP Build 3064653 on Wed Nov 18 14:17:31 MST 2020
    ** Copyright 1986-2020 Xilinx, Inc. All Rights Reserved.

source C:/Users/andre/Documents/GitHub/PFRL_pizzamiglio_prisciantelli/project_reti_logiche/project_reti_logiche.sim/sim_1/behav/xsim/xsim.dir/project_tb_behav/webtalk/xsim_webtalk.tcl -notrace
INFO: [Common 17-186] 'C:/Users/andre/Documents/GitHub/PFRL_pizzamiglio_prisciantelli/project_reti_logiche/project_reti_logiche.sim/sim_1/behav/xsim/xsim.dir/project_tb_behav/webtalk/usage_statistics_ext_xsim.xml' has been successfully sent to Xilinx on Mon Mar 15 17:13:42 2021. For additional details about this file, please refer to the WebTalk help file at C:/Xilinx/Vivado/2020.2/doc/webtalk_introduction.html.
INFO: [Common 17-206] Exiting Webtalk at Mon Mar 15 17:13:42 2021...
run_program: Time (s): cpu = 00:00:00 ; elapsed = 00:00:31 . Memory (MB): peak = 2221.738 ; gain = 0.000
INFO: [USF-XSim-69] 'elaborate' step finished in '31' seconds
INFO: [USF-XSim-4] XSim::Simulate design
INFO: [USF-XSim-61] Executing 'SIMULATE' step in 'C:/Users/andre/Documents/GitHub/PFRL_pizzamiglio_prisciantelli/project_reti_logiche/project_reti_logiche.sim/sim_1/behav/xsim'
INFO: [USF-XSim-98] *** Running xsim
   with args "project_tb_behav -key {Behavioral:sim_1:Functional:project_tb} -tclbatch {project_tb.tcl} -view {C:/Users/andre/Documents/GitHub/PFRL_pizzamiglio_prisciantelli/project_reti_logiche/project_tb_func_synth.wcfg} -view {C:/Users/andre/Documents/GitHub/PFRL_pizzamiglio_prisciantelli/project_reti_logiche/project_tb_behav.wcfg} -log {simulate.log}"
INFO: [USF-XSim-8] Loading simulator feature
Vivado Simulator 2020.2
Time resolution is 1 ps
open_wave_config C:/Users/andre/Documents/GitHub/PFRL_pizzamiglio_prisciantelli/project_reti_logiche/project_tb_func_synth.wcfg
open_wave_config C:/Users/andre/Documents/GitHub/PFRL_pizzamiglio_prisciantelli/project_reti_logiche/project_tb_behav.wcfg
source project_tb.tcl
# set curr_wave [current_wave_config]
# if { [string length $curr_wave] == 0 } {
#   if { [llength [get_objects]] > 0} {
#     add_wave /
#     set_property needs_save false [current_wave_config]
#   } else {
#      send_msg_id Add_Wave-1 WARNING "No top level signals found. Simulator will start without a wave window. If you want to open a wave window go to 'File->New Waveform Configuration' or type 'create_wave_config' in the TCL console."
#   }
# }
# run 1000ns
INFO: [USF-XSim-96] XSim completed. Design snapshot 'project_tb_behav' loaded.
INFO: [USF-XSim-97] XSim simulation ran for 1000ns
launch_simulation: Time (s): cpu = 00:00:06 ; elapsed = 00:00:37 . Memory (MB): peak = 2233.934 ; gain = 12.195
delete_fileset [ get_filesets sim_1 ]
ERROR: [Common 17-53] User Exception: Sorry, cannot delete an active fileset
close_sim
INFO: [Simtcl 6-16] Simulation closed
close_sim: Time (s): cpu = 00:00:02 ; elapsed = 00:00:06 . Memory (MB): peak = 2467.445 ; gain = 0.000
close_sim
INFO: [Simtcl 6-16] Simulation closed
exit
INFO: [Common 17-206] Exiting Vivado at Mon Mar 15 17:33:57 2021...
