#-----------------------------------------------------------
# Vivado v2020.2 (64-bit)
# SW Build 3064766 on Wed Nov 18 09:12:45 MST 2020
# IP Build 3064653 on Wed Nov 18 14:17:31 MST 2020
# Start of session at: Mon Mar 15 17:07:29 2021
# Process ID: 14908
# Current directory: C:/Users/andre/Documents/GitHub/PFRL_pizzamiglio_prisciantelli/project_reti_logiche
# Command line: vivado.exe -gui_launcher_event rodinguilauncherevent4924 C:\Users\andre\Documents\GitHub\PFRL_pizzamiglio_prisciantelli\project_reti_logiche\project_reti_logiche.xpr
# Log file: C:/Users/andre/Documents/GitHub/PFRL_pizzamiglio_prisciantelli/project_reti_logiche/vivado.log
# Journal file: C:/Users/andre/Documents/GitHub/PFRL_pizzamiglio_prisciantelli/project_reti_logiche\vivado.jou
#-----------------------------------------------------------
start_gui
open_project C:/Users/andre/Documents/GitHub/PFRL_pizzamiglio_prisciantelli/project_reti_logiche/project_reti_logiche.xpr
INFO: [ProjectBase 1-489] The host OS only allows 260 characters in a normal path. The project is stored in a path with more than 80 characters. If you experience issues with IP, Block Designs, or files not being found, please consider moving the project to a location with a shorter path. Alternately consider using the OS subst command to map part of the path to a drive letter.
Current project path is 'C:/Users/andre/Documents/GitHub/PFRL_pizzamiglio_prisciantelli/project_reti_logiche'
INFO: [Project 1-313] Project file moved from 'C:/Users/User/OneDrive - Politecnico di Milano/Documenti/GitHub/prova_finale_reti_logiche/project_reti_logiche' since last save.
WARNING: [filemgmt 56-2] Default IP Output Path : Could not find the directory 'C:/Users/andre/Documents/GitHub/PFRL_pizzamiglio_prisciantelli/project_reti_logiche/project_reti_logiche.gen/sources_1', nor could it be found using path 'C:/Users/User/OneDrive - Politecnico di Milano/Documenti/GitHub/prova_finale_reti_logiche/project_reti_logiche/project_reti_logiche.gen/sources_1'.
Scanning sources...
Finished scanning sources
INFO: [IP_Flow 19-234] Refreshing IP repositories
INFO: [IP_Flow 19-1704] No user IP repositories specified
INFO: [IP_Flow 19-2313] Loaded Vivado IP repository 'C:/Xilinx/Vivado/2020.2/data/ip'.
update_compile_order -fileset sources_1
exit
INFO: [Common 17-206] Exiting Vivado at Mon Mar 15 17:08:14 2021...
